{"/workspaces/academic-management-system/backend/src/app.ts": {"path":"/workspaces/academic-management-system/backend/src/app.ts","statementMap":{"0":{"start":{"line":3,"column":0},"end":{"line":3,"column":47}},"1":{"start":{"line":4,"column":0},"end":{"line":4,"column":24}},"2":{"start":{"line":5,"column":0},"end":{"line":5,"column":28}},"3":{"start":{"line":6,"column":0},"end":{"line":6,"column":28}},"4":{"start":{"line":7,"column":0},"end":{"line":7,"column":28}},"5":{"start":{"line":10,"column":0},"end":{"line":10,"column":16}},"6":{"start":{"line":12,"column":0},"end":{"line":12,"column":39}},"7":{"start":{"line":13,"column":0},"end":{"line":13,"column":81}},"8":{"start":{"line":14,"column":0},"end":{"line":14,"column":75}},"9":{"start":{"line":15,"column":0},"end":{"line":15,"column":30}},"10":{"start":{"line":18,"column":25},"end":{"line":18,"column":34}},"11":{"start":{"line":25,"column":0},"end":{"line":25,"column":18}},"12":{"start":{"line":28,"column":0},"end":{"line":35,"column":2}},"13":{"start":{"line":38,"column":0},"end":{"line":42,"column":1}},"14":{"start":{"line":39,"column":2},"end":{"line":39,"column":25}},"15":{"start":{"line":41,"column":2},"end":{"line":41,"column":30}},"16":{"start":{"line":45,"column":0},"end":{"line":45,"column":41}},"17":{"start":{"line":46,"column":0},"end":{"line":46,"column":63}},"18":{"start":{"line":53,"column":0},"end":{"line":53,"column":24}},"19":{"start":{"line":56,"column":0},"end":{"line":63,"column":3}},"20":{"start":{"line":57,"column":2},"end":{"line":62,"column":5}},"21":{"start":{"line":70,"column":0},"end":{"line":70,"column":25}},"22":{"start":{"line":73,"column":0},"end":{"line":73,"column":22}},"23":{"start":{"line":79,"column":13},"end":{"line":79,"column":37}},"24":{"start":{"line":82,"column":2},"end":{"line":105,"column":3}},"25":{"start":{"line":84,"column":4},"end":{"line":84,"column":28}},"26":{"start":{"line":87,"column":4},"end":{"line":101,"column":7}},"27":{"start":{"line":88,"column":6},"end":{"line":100,"column":9}},"28":{"start":{"line":103,"column":4},"end":{"line":103,"column":54}},"29":{"start":{"line":104,"column":4},"end":{"line":104,"column":20}},"30":{"start":{"line":109,"column":0},"end":{"line":113,"column":3}},"31":{"start":{"line":110,"column":2},"end":{"line":110,"column":50}},"32":{"start":{"line":111,"column":2},"end":{"line":111,"column":29}},"33":{"start":{"line":112,"column":2},"end":{"line":112,"column":18}},"34":{"start":{"line":115,"column":0},"end":{"line":119,"column":3}},"35":{"start":{"line":116,"column":2},"end":{"line":116,"column":50}},"36":{"start":{"line":117,"column":2},"end":{"line":117,"column":29}},"37":{"start":{"line":118,"column":2},"end":{"line":118,"column":18}},"38":{"start":{"line":122,"column":0},"end":{"line":122,"column":14}},"39":{"start":{"line":124,"column":0},"end":{"line":124,"column":19}}},"fnMap":{"0":{"name":"(anonymous_1)","decl":{"start":{"line":56,"column":13},"end":{"line":56,"column":14}},"loc":{"start":{"line":56,"column":26},"end":{"line":63,"column":1}}},"1":{"name":"startServer","decl":{"start":{"line":81,"column":15},"end":{"line":81,"column":26}},"loc":{"start":{"line":81,"column":26},"end":{"line":106,"column":1}}},"2":{"name":"(anonymous_3)","decl":{"start":{"line":87,"column":21},"end":{"line":87,"column":24}},"loc":{"start":{"line":87,"column":26},"end":{"line":101,"column":5}}},"3":{"name":"(anonymous_4)","decl":{"start":{"line":109,"column":21},"end":{"line":109,"column":26}},"loc":{"start":{"line":109,"column":32},"end":{"line":113,"column":1}}},"4":{"name":"(anonymous_5)","decl":{"start":{"line":115,"column":22},"end":{"line":115,"column":27}},"loc":{"start":{"line":115,"column":33},"end":{"line":119,"column":1}}}},"branchMap":{"0":{"loc":{"start":{"line":38,"column":0},"end":{"line":42,"column":1}},"type":"if","locations":[{"start":{"line":38,"column":0},"end":{"line":42,"column":1}},{"start":{"line":40,"column":7},"end":{"line":42,"column":1}}]},"1":{"loc":{"start":{"line":79,"column":13},"end":{"line":79,"column":37}},"type":"binary-expr","locations":[{"start":{"line":79,"column":13},"end":{"line":79,"column":29}},{"start":{"line":79,"column":33},"end":{"line":79,"column":37}}]},"2":{"loc":{"start":{"line":94,"column":19},"end":{"line":94,"column":56}},"type":"binary-expr","locations":[{"start":{"line":94,"column":19},"end":{"line":94,"column":39}},{"start":{"line":94,"column":43},"end":{"line":94,"column":56}}]}},"s":{"0":0,"1":0,"2":0,"3":0,"4":0,"5":0,"6":0,"7":0,"8":0,"9":0,"10":0,"11":0,"12":0,"13":0,"14":0,"15":0,"16":0,"17":0,"18":0,"19":0,"20":0,"21":0,"22":0,"23":0,"24":0,"25":0,"26":0,"27":0,"28":0,"29":0,"30":0,"31":0,"32":0,"33":0,"34":0,"35":0,"36":0,"37":0,"38":0,"39":0},"f":{"0":0,"1":0,"2":0,"3":0,"4":0},"b":{"0":[0,0],"1":[0,0],"2":[0,0]}}
,"/workspaces/academic-management-system/backend/src/config/database.ts": {"path":"/workspaces/academic-management-system/backend/src/config/database.ts","statementMap":{"0":{"start":{"line":25,"column":0},"end":{"line":25,"column":7}},"1":{"start":{"line":38,"column":0},"end":{"line":38,"column":7}},"2":{"start":{"line":3,"column":0},"end":{"line":3,"column":46}},"3":{"start":{"line":6,"column":24},"end":{"line":6,"column":null}},"4":{"start":{"line":10,"column":13},"end":{"line":16,"column":5}},"5":{"start":{"line":18,"column":0},"end":{"line":20,"column":1}},"6":{"start":{"line":19,"column":2},"end":{"line":19,"column":34}},"7":{"start":{"line":26,"column":2},"end":{"line":32,"column":3}},"8":{"start":{"line":27,"column":4},"end":{"line":27,"column":28}},"9":{"start":{"line":28,"column":4},"end":{"line":28,"column":54}},"10":{"start":{"line":30,"column":4},"end":{"line":30,"column":61}},"11":{"start":{"line":31,"column":4},"end":{"line":31,"column":20}},"12":{"start":{"line":39,"column":2},"end":{"line":39,"column":29}},"13":{"start":{"line":40,"column":2},"end":{"line":40,"column":47}}},"fnMap":{"0":{"name":"connectDatabase","decl":{"start":{"line":25,"column":22},"end":{"line":25,"column":37}},"loc":{"start":{"line":25,"column":37},"end":{"line":33,"column":1}}},"1":{"name":"disconnectDatabase","decl":{"start":{"line":38,"column":22},"end":{"line":38,"column":40}},"loc":{"start":{"line":38,"column":40},"end":{"line":41,"column":1}}}},"branchMap":{"0":{"loc":{"start":{"line":11,"column":2},"end":{"line":16,"column":4}},"type":"binary-expr","locations":[{"start":{"line":11,"column":2},"end":{"line":11,"column":24}},{"start":{"line":12,"column":2},"end":{"line":16,"column":4}}]},"1":{"loc":{"start":{"line":13,"column":9},"end":{"line":15,"column":17}},"type":"cond-expr","locations":[{"start":{"line":14,"column":8},"end":{"line":14,"column":34}},{"start":{"line":15,"column":8},"end":{"line":15,"column":17}}]},"2":{"loc":{"start":{"line":18,"column":0},"end":{"line":20,"column":1}},"type":"if","locations":[{"start":{"line":18,"column":0},"end":{"line":20,"column":1}}]}},"s":{"0":0,"1":0,"2":0,"3":0,"4":0,"5":0,"6":0,"7":0,"8":0,"9":0,"10":0,"11":0,"12":0,"13":0},"f":{"0":0,"1":0},"b":{"0":[0,0],"1":[0,0],"2":[0]}}
,"/workspaces/academic-management-system/backend/src/controllers/auth.controller.ts": {"path":"/workspaces/academic-management-system/backend/src/controllers/auth.controller.ts","statementMap":{"0":{"start":{"line":4,"column":0},"end":{"line":4,"column":58}},"1":{"start":{"line":5,"column":0},"end":{"line":5,"column":64}},"2":{"start":{"line":10,"column":4},"end":{"line":15,"column":5}},"3":{"start":{"line":11,"column":21},"end":{"line":11,"column":54}},"4":{"start":{"line":12,"column":6},"end":{"line":12,"column":51}},"5":{"start":{"line":14,"column":6},"end":{"line":14,"column":18}},"6":{"start":{"line":19,"column":4},"end":{"line":24,"column":5}},"7":{"start":{"line":20,"column":19},"end":{"line":20,"column":55}},"8":{"start":{"line":21,"column":6},"end":{"line":21,"column":61}},"9":{"start":{"line":23,"column":6},"end":{"line":23,"column":18}},"10":{"start":{"line":28,"column":4},"end":{"line":33,"column":5}},"11":{"start":{"line":29,"column":19},"end":{"line":29,"column":61}},"12":{"start":{"line":30,"column":6},"end":{"line":30,"column":63}},"13":{"start":{"line":32,"column":6},"end":{"line":32,"column":18}},"14":{"start":{"line":37,"column":4},"end":{"line":43,"column":5}},"15":{"start":{"line":38,"column":47},"end":{"line":38,"column":55}},"16":{"start":{"line":39,"column":6},"end":{"line":39,"column":83}},"17":{"start":{"line":40,"column":6},"end":{"line":40,"column":62}},"18":{"start":{"line":42,"column":6},"end":{"line":42,"column":18}},"19":{"start":{"line":8,"column":0},"end":{"line":8,"column":13}},"20":{"start":{"line":47,"column":13},"end":{"line":47,"column":51}}},"fnMap":{"0":{"name":"(anonymous_0)","decl":{"start":{"line":9,"column":2},"end":{"line":9,"column":7}},"loc":{"start":{"line":9,"column":61},"end":{"line":16,"column":3}}},"1":{"name":"(anonymous_1)","decl":{"start":{"line":18,"column":2},"end":{"line":18,"column":7}},"loc":{"start":{"line":18,"column":64},"end":{"line":25,"column":3}}},"2":{"name":"(anonymous_2)","decl":{"start":{"line":27,"column":2},"end":{"line":27,"column":7}},"loc":{"start":{"line":27,"column":70},"end":{"line":34,"column":3}}},"3":{"name":"(anonymous_3)","decl":{"start":{"line":36,"column":2},"end":{"line":36,"column":7}},"loc":{"start":{"line":36,"column":74},"end":{"line":44,"column":3}}}},"branchMap":{},"s":{"0":0,"1":0,"2":0,"3":0,"4":0,"5":0,"6":0,"7":0,"8":0,"9":0,"10":0,"11":0,"12":0,"13":0,"14":0,"15":0,"16":0,"17":0,"18":0,"19":0,"20":0},"f":{"0":0,"1":0,"2":0,"3":0},"b":{}}
,"/workspaces/academic-management-system/backend/src/controllers/bulk.controller.ts": {"path":"/workspaces/academic-management-system/backend/src/controllers/bulk.controller.ts","statementMap":{"0":{"start":{"line":5,"column":0},"end":{"line":5,"column":73}},"1":{"start":{"line":6,"column":0},"end":{"line":6,"column":71}},"2":{"start":{"line":7,"column":0},"end":{"line":7,"column":67}},"3":{"start":{"line":8,"column":0},"end":{"line":8,"column":83}},"4":{"start":{"line":16,"column":4},"end":{"line":47,"column":5}},"5":{"start":{"line":17,"column":6},"end":{"line":20,"column":7}},"6":{"start":{"line":18,"column":8},"end":{"line":18,"column":78}},"7":{"start":{"line":19,"column":8},"end":{"line":19,"column":15}},"8":{"start":{"line":22,"column":21},"end":{"line":25,"column":null}},"9":{"start":{"line":28,"column":6},"end":{"line":37,"column":7}},"10":{"start":{"line":30,"column":8},"end":{"line":30,"column":107}},"11":{"start":{"line":31,"column":8},"end":{"line":31,"column":96}},"12":{"start":{"line":32,"column":8},"end":{"line":32,"column":51}},"13":{"start":{"line":33,"column":8},"end":{"line":33,"column":67}},"14":{"start":{"line":34,"column":8},"end":{"line":34,"column":69}},"15":{"start":{"line":35,"column":8},"end":{"line":35,"column":41}},"16":{"start":{"line":36,"column":8},"end":{"line":36,"column":15}},"17":{"start":{"line":39,"column":6},"end":{"line":44,"column":112}},"18":{"start":{"line":46,"column":6},"end":{"line":46,"column":18}},"19":{"start":{"line":55,"column":4},"end":{"line":87,"column":5}},"20":{"start":{"line":56,"column":6},"end":{"line":59,"column":7}},"21":{"start":{"line":57,"column":8},"end":{"line":57,"column":78}},"22":{"start":{"line":58,"column":8},"end":{"line":58,"column":15}},"23":{"start":{"line":61,"column":21},"end":{"line":64,"column":null}},"24":{"start":{"line":67,"column":6},"end":{"line":76,"column":7}},"25":{"start":{"line":69,"column":8},"end":{"line":69,"column":107}},"26":{"start":{"line":70,"column":8},"end":{"line":70,"column":94}},"27":{"start":{"line":71,"column":8},"end":{"line":71,"column":51}},"28":{"start":{"line":72,"column":8},"end":{"line":72,"column":67}},"29":{"start":{"line":73,"column":8},"end":{"line":73,"column":69}},"30":{"start":{"line":74,"column":8},"end":{"line":74,"column":41}},"31":{"start":{"line":75,"column":8},"end":{"line":75,"column":15}},"32":{"start":{"line":78,"column":6},"end":{"line":84,"column":186}},"33":{"start":{"line":86,"column":6},"end":{"line":86,"column":18}},"34":{"start":{"line":95,"column":4},"end":{"line":103,"column":5}},"35":{"start":{"line":96,"column":21},"end":{"line":96,"column":46}},"36":{"start":{"line":98,"column":6},"end":{"line":98,"column":105}},"37":{"start":{"line":99,"column":6},"end":{"line":99,"column":96}},"38":{"start":{"line":100,"column":6},"end":{"line":100,"column":23}},"39":{"start":{"line":102,"column":6},"end":{"line":102,"column":18}},"40":{"start":{"line":111,"column":4},"end":{"line":119,"column":5}},"41":{"start":{"line":112,"column":21},"end":{"line":112,"column":44}},"42":{"start":{"line":114,"column":6},"end":{"line":114,"column":105}},"43":{"start":{"line":115,"column":6},"end":{"line":115,"column":94}},"44":{"start":{"line":116,"column":6},"end":{"line":116,"column":23}},"45":{"start":{"line":118,"column":6},"end":{"line":118,"column":18}},"46":{"start":{"line":10,"column":0},"end":{"line":10,"column":13}},"47":{"start":{"line":123,"column":13},"end":{"line":123,"column":51}}},"fnMap":{"0":{"name":"(anonymous_0)","decl":{"start":{"line":15,"column":2},"end":{"line":15,"column":7}},"loc":{"start":{"line":15,"column":78},"end":{"line":48,"column":3}}},"1":{"name":"(anonymous_1)","decl":{"start":{"line":54,"column":2},"end":{"line":54,"column":7}},"loc":{"start":{"line":54,"column":76},"end":{"line":88,"column":3}}},"2":{"name":"(anonymous_2)","decl":{"start":{"line":94,"column":2},"end":{"line":94,"column":7}},"loc":{"start":{"line":94,"column":83},"end":{"line":104,"column":3}}},"3":{"name":"(anonymous_3)","decl":{"start":{"line":110,"column":2},"end":{"line":110,"column":7}},"loc":{"start":{"line":110,"column":81},"end":{"line":120,"column":3}}}},"branchMap":{"0":{"loc":{"start":{"line":17,"column":6},"end":{"line":20,"column":7}},"type":"if","locations":[{"start":{"line":17,"column":6},"end":{"line":20,"column":7}}]},"1":{"loc":{"start":{"line":24,"column":8},"end":{"line":24,"column":38}},"type":"binary-expr","locations":[{"start":{"line":24,"column":8},"end":{"line":24,"column":30}},{"start":{"line":24,"column":34},"end":{"line":24,"column":38}}]},"2":{"loc":{"start":{"line":28,"column":6},"end":{"line":37,"column":7}},"type":"if","locations":[{"start":{"line":28,"column":6},"end":{"line":37,"column":7}}]},"3":{"loc":{"start":{"line":28,"column":10},"end":{"line":28,"column":51}},"type":"binary-expr","locations":[{"start":{"line":28,"column":10},"end":{"line":28,"column":25}},{"start":{"line":28,"column":29},"end":{"line":28,"column":51}}]},"4":{"loc":{"start":{"line":56,"column":6},"end":{"line":59,"column":7}},"type":"if","locations":[{"start":{"line":56,"column":6},"end":{"line":59,"column":7}}]},"5":{"loc":{"start":{"line":63,"column":8},"end":{"line":63,"column":38}},"type":"binary-expr","locations":[{"start":{"line":63,"column":8},"end":{"line":63,"column":30}},{"start":{"line":63,"column":34},"end":{"line":63,"column":38}}]},"6":{"loc":{"start":{"line":67,"column":6},"end":{"line":76,"column":7}},"type":"if","locations":[{"start":{"line":67,"column":6},"end":{"line":76,"column":7}}]},"7":{"loc":{"start":{"line":67,"column":10},"end":{"line":67,"column":51}},"type":"binary-expr","locations":[{"start":{"line":67,"column":10},"end":{"line":67,"column":25}},{"start":{"line":67,"column":29},"end":{"line":67,"column":51}}]}},"s":{"0":0,"1":0,"2":0,"3":0,"4":0,"5":0,"6":0,"7":0,"8":0,"9":0,"10":0,"11":0,"12":0,"13":0,"14":0,"15":0,"16":0,"17":0,"18":0,"19":0,"20":0,"21":0,"22":0,"23":0,"24":0,"25":0,"26":0,"27":0,"28":0,"29":0,"30":0,"31":0,"32":0,"33":0,"34":0,"35":0,"36":0,"37":0,"38":0,"39":0,"40":0,"41":0,"42":0,"43":0,"44":0,"45":0,"46":0,"47":0},"f":{"0":0,"1":0,"2":0,"3":0},"b":{"0":[0],"1":[0,0],"2":[0],"3":[0,0],"4":[0],"5":[0,0],"6":[0],"7":[0,0]}}
,"/workspaces/academic-management-system/backend/src/controllers/course.controller.ts": {"path":"/workspaces/academic-management-system/backend/src/controllers/course.controller.ts","statementMap":{"0":{"start":{"line":4,"column":0},"end":{"line":4,"column":62}},"1":{"start":{"line":5,"column":0},"end":{"line":5,"column":79}},"2":{"start":{"line":11,"column":4},"end":{"line":20,"column":5}},"3":{"start":{"line":12,"column":6},"end":{"line":14,"column":7}},"4":{"start":{"line":13,"column":8},"end":{"line":13,"column":55}},"5":{"start":{"line":16,"column":21},"end":{"line":16,"column":57}},"6":{"start":{"line":17,"column":6},"end":{"line":17,"column":62}},"7":{"start":{"line":19,"column":6},"end":{"line":19,"column":18}},"8":{"start":{"line":24,"column":4},"end":{"line":42,"column":5}},"9":{"start":{"line":25,"column":42},"end":{"line":25,"column":51}},"10":{"start":{"line":27,"column":25},"end":{"line":27,"column":57}},"11":{"start":{"line":28,"column":6},"end":{"line":30,"column":7}},"12":{"start":{"line":29,"column":8},"end":{"line":29,"column":47}},"13":{"start":{"line":32,"column":22},"end":{"line":37,"column":8}},"14":{"start":{"line":39,"column":6},"end":{"line":39,"column":66}},"15":{"start":{"line":41,"column":6},"end":{"line":41,"column":18}},"16":{"start":{"line":50,"column":4},"end":{"line":65,"column":5}},"17":{"start":{"line":51,"column":25},"end":{"line":51,"column":48}},"18":{"start":{"line":52,"column":6},"end":{"line":54,"column":7}},"19":{"start":{"line":53,"column":8},"end":{"line":53,"column":47}},"20":{"start":{"line":56,"column":22},"end":{"line":59,"column":null}},"21":{"start":{"line":62,"column":6},"end":{"line":62,"column":66}},"22":{"start":{"line":64,"column":6},"end":{"line":64,"column":18}},"23":{"start":{"line":69,"column":4},"end":{"line":74,"column":5}},"24":{"start":{"line":70,"column":21},"end":{"line":70,"column":64}},"25":{"start":{"line":71,"column":6},"end":{"line":71,"column":64}},"26":{"start":{"line":73,"column":6},"end":{"line":73,"column":18}},"27":{"start":{"line":78,"column":4},"end":{"line":83,"column":5}},"28":{"start":{"line":79,"column":21},"end":{"line":79,"column":72}},"29":{"start":{"line":80,"column":6},"end":{"line":80,"column":62}},"30":{"start":{"line":82,"column":6},"end":{"line":82,"column":18}},"31":{"start":{"line":87,"column":4},"end":{"line":92,"column":5}},"32":{"start":{"line":88,"column":6},"end":{"line":88,"column":48}},"33":{"start":{"line":89,"column":6},"end":{"line":89,"column":25}},"34":{"start":{"line":91,"column":6},"end":{"line":91,"column":18}},"35":{"start":{"line":9,"column":0},"end":{"line":9,"column":13}},"36":{"start":{"line":96,"column":13},"end":{"line":96,"column":55}}},"fnMap":{"0":{"name":"(anonymous_0)","decl":{"start":{"line":10,"column":2},"end":{"line":10,"column":7}},"loc":{"start":{"line":10,"column":66},"end":{"line":21,"column":3}}},"1":{"name":"(anonymous_1)","decl":{"start":{"line":23,"column":2},"end":{"line":23,"column":7}},"loc":{"start":{"line":23,"column":67},"end":{"line":43,"column":3}}},"2":{"name":"(anonymous_2)","decl":{"start":{"line":45,"column":2},"end":{"line":45,"column":7}},"loc":{"start":{"line":48,"column":22},"end":{"line":66,"column":3}}},"3":{"name":"(anonymous_3)","decl":{"start":{"line":68,"column":2},"end":{"line":68,"column":7}},"loc":{"start":{"line":68,"column":68},"end":{"line":75,"column":3}}},"4":{"name":"(anonymous_4)","decl":{"start":{"line":77,"column":2},"end":{"line":77,"column":7}},"loc":{"start":{"line":77,"column":66},"end":{"line":84,"column":3}}},"5":{"name":"(anonymous_5)","decl":{"start":{"line":86,"column":2},"end":{"line":86,"column":7}},"loc":{"start":{"line":86,"column":66},"end":{"line":93,"column":3}}}},"branchMap":{"0":{"loc":{"start":{"line":12,"column":6},"end":{"line":14,"column":7}},"type":"if","locations":[{"start":{"line":12,"column":6},"end":{"line":14,"column":7}}]},"1":{"loc":{"start":{"line":28,"column":6},"end":{"line":30,"column":7}},"type":"if","locations":[{"start":{"line":28,"column":6},"end":{"line":30,"column":7}}]},"2":{"loc":{"start":{"line":52,"column":6},"end":{"line":54,"column":7}},"type":"if","locations":[{"start":{"line":52,"column":6},"end":{"line":54,"column":7}}]}},"s":{"0":0,"1":0,"2":0,"3":0,"4":0,"5":0,"6":0,"7":0,"8":0,"9":0,"10":0,"11":0,"12":0,"13":0,"14":0,"15":0,"16":0,"17":0,"18":0,"19":0,"20":0,"21":0,"22":0,"23":0,"24":0,"25":0,"26":0,"27":0,"28":0,"29":0,"30":0,"31":0,"32":0,"33":0,"34":0,"35":0,"36":0},"f":{"0":0,"1":0,"2":0,"3":0,"4":0,"5":0},"b":{"0":[0],"1":[0],"2":[0]}}
,"/workspaces/academic-management-system/backend/src/controllers/department.controller.ts": {"path":"/workspaces/academic-management-system/backend/src/controllers/department.controller.ts","statementMap":{"0":{"start":{"line":4,"column":0},"end":{"line":4,"column":70}},"1":{"start":{"line":5,"column":0},"end":{"line":5,"column":51}},"2":{"start":{"line":10,"column":4},"end":{"line":15,"column":5}},"3":{"start":{"line":11,"column":26},"end":{"line":11,"column":59}},"4":{"start":{"line":12,"column":6},"end":{"line":12,"column":74}},"5":{"start":{"line":14,"column":6},"end":{"line":14,"column":18}},"6":{"start":{"line":19,"column":4},"end":{"line":30,"column":5}},"7":{"start":{"line":21,"column":22},"end":{"line":21,"column":51}},"8":{"start":{"line":22,"column":6},"end":{"line":24,"column":7}},"9":{"start":{"line":23,"column":8},"end":{"line":23,"column":41}},"10":{"start":{"line":26,"column":26},"end":{"line":26,"column":68}},"11":{"start":{"line":27,"column":6},"end":{"line":27,"column":74}},"12":{"start":{"line":29,"column":6},"end":{"line":29,"column":18}},"13":{"start":{"line":34,"column":4},"end":{"line":52,"column":5}},"14":{"start":{"line":35,"column":25},"end":{"line":35,"column":72}},"15":{"start":{"line":38,"column":6},"end":{"line":41,"column":7}},"16":{"start":{"line":39,"column":8},"end":{"line":39,"column":75}},"17":{"start":{"line":40,"column":8},"end":{"line":40,"column":15}},"18":{"start":{"line":44,"column":6},"end":{"line":47,"column":7}},"19":{"start":{"line":45,"column":8},"end":{"line":45,"column":75}},"20":{"start":{"line":46,"column":8},"end":{"line":46,"column":15}},"21":{"start":{"line":49,"column":6},"end":{"line":49,"column":72}},"22":{"start":{"line":51,"column":6},"end":{"line":51,"column":18}},"23":{"start":{"line":56,"column":4},"end":{"line":66,"column":5}},"24":{"start":{"line":57,"column":6},"end":{"line":60,"column":7}},"25":{"start":{"line":58,"column":8},"end":{"line":58,"column":84}},"26":{"start":{"line":59,"column":8},"end":{"line":59,"column":15}},"27":{"start":{"line":62,"column":25},"end":{"line":62,"column":81}},"28":{"start":{"line":63,"column":6},"end":{"line":63,"column":72}},"29":{"start":{"line":65,"column":6},"end":{"line":65,"column":18}},"30":{"start":{"line":8,"column":0},"end":{"line":8,"column":13}},"31":{"start":{"line":70,"column":13},"end":{"line":70,"column":63}}},"fnMap":{"0":{"name":"(anonymous_0)","decl":{"start":{"line":9,"column":2},"end":{"line":9,"column":7}},"loc":{"start":{"line":9,"column":73},"end":{"line":16,"column":3}}},"1":{"name":"(anonymous_1)","decl":{"start":{"line":18,"column":2},"end":{"line":18,"column":7}},"loc":{"start":{"line":18,"column":67},"end":{"line":31,"column":3}}},"2":{"name":"(anonymous_2)","decl":{"start":{"line":33,"column":2},"end":{"line":33,"column":7}},"loc":{"start":{"line":33,"column":68},"end":{"line":53,"column":3}}},"3":{"name":"(anonymous_3)","decl":{"start":{"line":55,"column":2},"end":{"line":55,"column":7}},"loc":{"start":{"line":55,"column":75},"end":{"line":67,"column":3}}}},"branchMap":{"0":{"loc":{"start":{"line":22,"column":6},"end":{"line":24,"column":7}},"type":"if","locations":[{"start":{"line":22,"column":6},"end":{"line":24,"column":7}}]},"1":{"loc":{"start":{"line":38,"column":6},"end":{"line":41,"column":7}},"type":"if","locations":[{"start":{"line":38,"column":6},"end":{"line":41,"column":7}}]},"2":{"loc":{"start":{"line":38,"column":10},"end":{"line":38,"column":78}},"type":"binary-expr","locations":[{"start":{"line":38,"column":10},"end":{"line":38,"column":34}},{"start":{"line":38,"column":38},"end":{"line":38,"column":78}}]},"3":{"loc":{"start":{"line":44,"column":6},"end":{"line":47,"column":7}},"type":"if","locations":[{"start":{"line":44,"column":6},"end":{"line":47,"column":7}}]},"4":{"loc":{"start":{"line":44,"column":10},"end":{"line":44,"column":83}},"type":"binary-expr","locations":[{"start":{"line":44,"column":10},"end":{"line":44,"column":35}},{"start":{"line":44,"column":39},"end":{"line":44,"column":83}}]},"5":{"loc":{"start":{"line":57,"column":6},"end":{"line":60,"column":7}},"type":"if","locations":[{"start":{"line":57,"column":6},"end":{"line":60,"column":7}}]},"6":{"loc":{"start":{"line":57,"column":10},"end":{"line":57,"column":61}},"type":"binary-expr","locations":[{"start":{"line":57,"column":10},"end":{"line":57,"column":34}},{"start":{"line":57,"column":38},"end":{"line":57,"column":61}}]}},"s":{"0":0,"1":0,"2":0,"3":0,"4":0,"5":0,"6":0,"7":0,"8":0,"9":0,"10":0,"11":0,"12":0,"13":0,"14":0,"15":0,"16":0,"17":0,"18":0,"19":0,"20":0,"21":0,"22":0,"23":0,"24":0,"25":0,"26":0,"27":0,"28":0,"29":0,"30":0,"31":0},"f":{"0":0,"1":0,"2":0,"3":0},"b":{"0":[0],"1":[0],"2":[0,0],"3":[0],"4":[0,0],"5":[0],"6":[0,0]}}
,"/workspaces/academic-management-system/backend/src/controllers/faculty.controller.ts": {"path":"/workspaces/academic-management-system/backend/src/controllers/faculty.controller.ts","statementMap":{"0":{"start":{"line":4,"column":0},"end":{"line":4,"column":64}},"1":{"start":{"line":5,"column":0},"end":{"line":5,"column":51}},"2":{"start":{"line":10,"column":4},"end":{"line":15,"column":5}},"3":{"start":{"line":11,"column":24},"end":{"line":11,"column":54}},"4":{"start":{"line":12,"column":6},"end":{"line":12,"column":70}},"5":{"start":{"line":14,"column":6},"end":{"line":14,"column":18}},"6":{"start":{"line":19,"column":4},"end":{"line":31,"column":5}},"7":{"start":{"line":20,"column":22},"end":{"line":20,"column":66}},"8":{"start":{"line":23,"column":6},"end":{"line":26,"column":7}},"9":{"start":{"line":24,"column":8},"end":{"line":24,"column":75}},"10":{"start":{"line":25,"column":8},"end":{"line":25,"column":15}},"11":{"start":{"line":28,"column":6},"end":{"line":28,"column":66}},"12":{"start":{"line":30,"column":6},"end":{"line":30,"column":18}},"13":{"start":{"line":35,"column":4},"end":{"line":45,"column":5}},"14":{"start":{"line":36,"column":6},"end":{"line":39,"column":7}},"15":{"start":{"line":37,"column":8},"end":{"line":37,"column":81}},"16":{"start":{"line":38,"column":8},"end":{"line":38,"column":15}},"17":{"start":{"line":41,"column":22},"end":{"line":41,"column":72}},"18":{"start":{"line":42,"column":6},"end":{"line":42,"column":66}},"19":{"start":{"line":44,"column":6},"end":{"line":44,"column":18}},"20":{"start":{"line":8,"column":0},"end":{"line":8,"column":13}},"21":{"start":{"line":49,"column":13},"end":{"line":49,"column":57}}},"fnMap":{"0":{"name":"(anonymous_0)","decl":{"start":{"line":9,"column":2},"end":{"line":9,"column":7}},"loc":{"start":{"line":9,"column":67},"end":{"line":16,"column":3}}},"1":{"name":"(anonymous_1)","decl":{"start":{"line":18,"column":2},"end":{"line":18,"column":7}},"loc":{"start":{"line":18,"column":68},"end":{"line":32,"column":3}}},"2":{"name":"(anonymous_2)","decl":{"start":{"line":34,"column":2},"end":{"line":34,"column":7}},"loc":{"start":{"line":34,"column":72},"end":{"line":46,"column":3}}}},"branchMap":{"0":{"loc":{"start":{"line":23,"column":6},"end":{"line":26,"column":7}},"type":"if","locations":[{"start":{"line":23,"column":6},"end":{"line":26,"column":7}}]},"1":{"loc":{"start":{"line":23,"column":10},"end":{"line":23,"column":73}},"type":"binary-expr","locations":[{"start":{"line":23,"column":10},"end":{"line":23,"column":35}},{"start":{"line":23,"column":39},"end":{"line":23,"column":73}}]},"2":{"loc":{"start":{"line":36,"column":6},"end":{"line":39,"column":7}},"type":"if","locations":[{"start":{"line":36,"column":6},"end":{"line":39,"column":7}}]},"3":{"loc":{"start":{"line":36,"column":10},"end":{"line":36,"column":59}},"type":"binary-expr","locations":[{"start":{"line":36,"column":10},"end":{"line":36,"column":35}},{"start":{"line":36,"column":39},"end":{"line":36,"column":59}}]}},"s":{"0":0,"1":0,"2":0,"3":0,"4":0,"5":0,"6":0,"7":0,"8":0,"9":0,"10":0,"11":0,"12":0,"13":0,"14":0,"15":0,"16":0,"17":0,"18":0,"19":0,"20":0,"21":0},"f":{"0":0,"1":0,"2":0},"b":{"0":[0],"1":[0,0],"2":[0],"3":[0,0]}}
,"/workspaces/academic-management-system/backend/src/controllers/gpa.controller.ts": {"path":"/workspaces/academic-management-system/backend/src/controllers/gpa.controller.ts","statementMap":{"0":{"start":{"line":4,"column":0},"end":{"line":4,"column":56}},"1":{"start":{"line":5,"column":0},"end":{"line":5,"column":51}},"2":{"start":{"line":15,"column":4},"end":{"line":28,"column":5}},"3":{"start":{"line":16,"column":59},"end":{"line":16,"column":67}},"4":{"start":{"line":18,"column":21},"end":{"line":22,"column":null}},"5":{"start":{"line":25,"column":6},"end":{"line":25,"column":62}},"6":{"start":{"line":27,"column":6},"end":{"line":27,"column":18}},"7":{"start":{"line":32,"column":4},"end":{"line":45,"column":5}},"8":{"start":{"line":33,"column":48},"end":{"line":33,"column":57}},"9":{"start":{"line":35,"column":18},"end":{"line":39,"column":null}},"10":{"start":{"line":42,"column":6},"end":{"line":42,"column":58}},"11":{"start":{"line":44,"column":6},"end":{"line":44,"column":18}},"12":{"start":{"line":53,"column":4},"end":{"line":58,"column":5}},"13":{"start":{"line":54,"column":22},"end":{"line":54,"column":81}},"14":{"start":{"line":55,"column":6},"end":{"line":55,"column":70}},"15":{"start":{"line":57,"column":6},"end":{"line":57,"column":18}},"16":{"start":{"line":66,"column":4},"end":{"line":84,"column":5}},"17":{"start":{"line":67,"column":25},"end":{"line":67,"column":46}},"18":{"start":{"line":68,"column":6},"end":{"line":70,"column":7}},"19":{"start":{"line":69,"column":8},"end":{"line":69,"column":46}},"20":{"start":{"line":72,"column":48},"end":{"line":72,"column":56}},"21":{"start":{"line":74,"column":21},"end":{"line":78,"column":null}},"22":{"start":{"line":81,"column":6},"end":{"line":81,"column":74}},"23":{"start":{"line":83,"column":6},"end":{"line":83,"column":18}},"24":{"start":{"line":92,"column":4},"end":{"line":110,"column":5}},"25":{"start":{"line":93,"column":25},"end":{"line":93,"column":48}},"26":{"start":{"line":94,"column":6},"end":{"line":96,"column":7}},"27":{"start":{"line":95,"column":8},"end":{"line":95,"column":47}},"28":{"start":{"line":98,"column":48},"end":{"line":98,"column":57}},"29":{"start":{"line":100,"column":20},"end":{"line":104,"column":null}},"30":{"start":{"line":107,"column":6},"end":{"line":107,"column":67}},"31":{"start":{"line":109,"column":6},"end":{"line":109,"column":18}},"32":{"start":{"line":9,"column":0},"end":{"line":9,"column":13}},"33":{"start":{"line":114,"column":13},"end":{"line":114,"column":49}}},"fnMap":{"0":{"name":"(anonymous_0)","decl":{"start":{"line":10,"column":2},"end":{"line":10,"column":7}},"loc":{"start":{"line":13,"column":22},"end":{"line":29,"column":3}}},"1":{"name":"(anonymous_1)","decl":{"start":{"line":31,"column":2},"end":{"line":31,"column":7}},"loc":{"start":{"line":31,"column":74},"end":{"line":46,"column":3}}},"2":{"name":"(anonymous_2)","decl":{"start":{"line":48,"column":2},"end":{"line":48,"column":7}},"loc":{"start":{"line":51,"column":22},"end":{"line":59,"column":3}}},"3":{"name":"(anonymous_3)","decl":{"start":{"line":61,"column":2},"end":{"line":61,"column":7}},"loc":{"start":{"line":64,"column":22},"end":{"line":85,"column":3}}},"4":{"name":"(anonymous_4)","decl":{"start":{"line":87,"column":2},"end":{"line":87,"column":7}},"loc":{"start":{"line":90,"column":22},"end":{"line":111,"column":3}}}},"branchMap":{"0":{"loc":{"start":{"line":68,"column":6},"end":{"line":70,"column":7}},"type":"if","locations":[{"start":{"line":68,"column":6},"end":{"line":70,"column":7}}]},"1":{"loc":{"start":{"line":94,"column":6},"end":{"line":96,"column":7}},"type":"if","locations":[{"start":{"line":94,"column":6},"end":{"line":96,"column":7}}]}},"s":{"0":0,"1":0,"2":0,"3":0,"4":0,"5":0,"6":0,"7":0,"8":0,"9":0,"10":0,"11":0,"12":0,"13":0,"14":0,"15":0,"16":0,"17":0,"18":0,"19":0,"20":0,"21":0,"22":0,"23":0,"24":0,"25":0,"26":0,"27":0,"28":0,"29":0,"30":0,"31":0,"32":0,"33":0},"f":{"0":0,"1":0,"2":0,"3":0,"4":0},"b":{"0":[0],"1":[0]}}
,"/workspaces/academic-management-system/backend/src/controllers/report.controller.ts": {"path":"/workspaces/academic-management-system/backend/src/controllers/report.controller.ts","statementMap":{"0":{"start":{"line":4,"column":0},"end":{"line":4,"column":62}},"1":{"start":{"line":5,"column":0},"end":{"line":5,"column":51}},"2":{"start":{"line":8,"column":0},"end":{"line":8,"column":null}},"3":{"start":{"line":12,"column":0},"end":{"line":12,"column":66}},"4":{"start":{"line":20,"column":4},"end":{"line":38,"column":5}},"5":{"start":{"line":21,"column":25},"end":{"line":21,"column":48}},"6":{"start":{"line":22,"column":6},"end":{"line":24,"column":7}},"7":{"start":{"line":23,"column":8},"end":{"line":23,"column":47}},"8":{"start":{"line":26,"column":48},"end":{"line":26,"column":57}},"9":{"start":{"line":28,"column":21},"end":{"line":32,"column":null}},"10":{"start":{"line":35,"column":6},"end":{"line":35,"column":64}},"11":{"start":{"line":37,"column":6},"end":{"line":37,"column":18}},"12":{"start":{"line":46,"column":4},"end":{"line":72,"column":5}},"13":{"start":{"line":47,"column":25},"end":{"line":47,"column":48}},"14":{"start":{"line":48,"column":6},"end":{"line":50,"column":7}},"15":{"start":{"line":49,"column":8},"end":{"line":49,"column":47}},"16":{"start":{"line":52,"column":48},"end":{"line":52,"column":57}},"17":{"start":{"line":54,"column":21},"end":{"line":58,"column":null}},"18":{"start":{"line":61,"column":6},"end":{"line":69,"column":9}},"19":{"start":{"line":71,"column":6},"end":{"line":71,"column":18}},"20":{"start":{"line":80,"column":4},"end":{"line":92,"column":5}},"21":{"start":{"line":81,"column":24},"end":{"line":81,"column":44}},"22":{"start":{"line":82,"column":31},"end":{"line":82,"column":40}},"23":{"start":{"line":84,"column":20},"end":{"line":86,"column":null}},"24":{"start":{"line":89,"column":6},"end":{"line":89,"column":75}},"25":{"start":{"line":91,"column":6},"end":{"line":91,"column":18}},"26":{"start":{"line":100,"column":4},"end":{"line":105,"column":5}},"27":{"start":{"line":101,"column":25},"end":{"line":101,"column":87}},"28":{"start":{"line":102,"column":6},"end":{"line":102,"column":72}},"29":{"start":{"line":104,"column":6},"end":{"line":104,"column":18}},"30":{"start":{"line":113,"column":4},"end":{"line":123,"column":5}},"31":{"start":{"line":114,"column":25},"end":{"line":114,"column":87}},"32":{"start":{"line":116,"column":6},"end":{"line":120,"column":9}},"33":{"start":{"line":122,"column":6},"end":{"line":122,"column":18}},"34":{"start":{"line":14,"column":0},"end":{"line":14,"column":13}},"35":{"start":{"line":127,"column":13},"end":{"line":127,"column":55}}},"fnMap":{"0":{"name":"(anonymous_0)","decl":{"start":{"line":15,"column":2},"end":{"line":15,"column":7}},"loc":{"start":{"line":18,"column":22},"end":{"line":39,"column":3}}},"1":{"name":"(anonymous_1)","decl":{"start":{"line":41,"column":2},"end":{"line":41,"column":7}},"loc":{"start":{"line":44,"column":22},"end":{"line":73,"column":3}}},"2":{"name":"(anonymous_2)","decl":{"start":{"line":75,"column":2},"end":{"line":75,"column":7}},"loc":{"start":{"line":78,"column":22},"end":{"line":93,"column":3}}},"3":{"name":"(anonymous_3)","decl":{"start":{"line":95,"column":2},"end":{"line":95,"column":7}},"loc":{"start":{"line":98,"column":22},"end":{"line":106,"column":3}}},"4":{"name":"(anonymous_4)","decl":{"start":{"line":108,"column":2},"end":{"line":108,"column":7}},"loc":{"start":{"line":111,"column":22},"end":{"line":124,"column":3}}}},"branchMap":{"0":{"loc":{"start":{"line":22,"column":6},"end":{"line":24,"column":7}},"type":"if","locations":[{"start":{"line":22,"column":6},"end":{"line":24,"column":7}}]},"1":{"loc":{"start":{"line":48,"column":6},"end":{"line":50,"column":7}},"type":"if","locations":[{"start":{"line":48,"column":6},"end":{"line":50,"column":7}}]}},"s":{"0":0,"1":0,"2":0,"3":0,"4":0,"5":0,"6":0,"7":0,"8":0,"9":0,"10":0,"11":0,"12":0,"13":0,"14":0,"15":0,"16":0,"17":0,"18":0,"19":0,"20":0,"21":0,"22":0,"23":0,"24":0,"25":0,"26":0,"27":0,"28":0,"29":0,"30":0,"31":0,"32":0,"33":0,"34":0,"35":0},"f":{"0":0,"1":0,"2":0,"3":0,"4":0},"b":{"0":[0],"1":[0]}}
,"/workspaces/academic-management-system/backend/src/controllers/result.controller.ts": {"path":"/workspaces/academic-management-system/backend/src/controllers/result.controller.ts","statementMap":{"0":{"start":{"line":4,"column":0},"end":{"line":4,"column":62}},"1":{"start":{"line":6,"column":0},"end":{"line":6,"column":67}},"2":{"start":{"line":9,"column":0},"end":{"line":9,"column":65}},"3":{"start":{"line":16,"column":4},"end":{"line":22,"column":5}},"4":{"start":{"line":17,"column":27},"end":{"line":17,"column":50}},"5":{"start":{"line":18,"column":21},"end":{"line":18,"column":76}},"6":{"start":{"line":19,"column":6},"end":{"line":19,"column":62}},"7":{"start":{"line":21,"column":6},"end":{"line":21,"column":18}},"8":{"start":{"line":30,"column":4},"end":{"line":45,"column":5}},"9":{"start":{"line":32,"column":31},"end":{"line":32,"column":65}},"10":{"start":{"line":33,"column":6},"end":{"line":37,"column":7}},"11":{"start":{"line":34,"column":23},"end":{"line":34,"column":98}},"12":{"start":{"line":34,"column":62},"end":{"line":34,"column":97}},"13":{"start":{"line":35,"column":8},"end":{"line":35,"column":68}},"14":{"start":{"line":36,"column":8},"end":{"line":36,"column":15}},"15":{"start":{"line":39,"column":27},"end":{"line":39,"column":50}},"16":{"start":{"line":40,"column":21},"end":{"line":40,"column":109}},"17":{"start":{"line":42,"column":6},"end":{"line":42,"column":123}},"18":{"start":{"line":44,"column":6},"end":{"line":44,"column":18}},"19":{"start":{"line":53,"column":4},"end":{"line":67,"column":5}},"20":{"start":{"line":54,"column":27},"end":{"line":54,"column":37}},"21":{"start":{"line":56,"column":6},"end":{"line":59,"column":7}},"22":{"start":{"line":57,"column":8},"end":{"line":57,"column":53}},"23":{"start":{"line":58,"column":8},"end":{"line":58,"column":15}},"24":{"start":{"line":61,"column":27},"end":{"line":61,"column":50}},"25":{"start":{"line":62,"column":21},"end":{"line":62,"column":82}},"26":{"start":{"line":64,"column":6},"end":{"line":64,"column":122}},"27":{"start":{"line":66,"column":6},"end":{"line":66,"column":18}},"28":{"start":{"line":74,"column":4},"end":{"line":85,"column":5}},"29":{"start":{"line":75,"column":48},"end":{"line":75,"column":57}},"30":{"start":{"line":76,"column":22},"end":{"line":80,"column":null}},"31":{"start":{"line":82,"column":6},"end":{"line":82,"column":66}},"32":{"start":{"line":84,"column":6},"end":{"line":84,"column":18}},"33":{"start":{"line":93,"column":4},"end":{"line":98,"column":5}},"34":{"start":{"line":94,"column":22},"end":{"line":94,"column":88}},"35":{"start":{"line":95,"column":6},"end":{"line":95,"column":75}},"36":{"start":{"line":97,"column":6},"end":{"line":97,"column":18}},"37":{"start":{"line":105,"column":4},"end":{"line":118,"column":5}},"38":{"start":{"line":106,"column":25},"end":{"line":106,"column":48}},"39":{"start":{"line":107,"column":6},"end":{"line":107,"column":75}},"40":{"start":{"line":107,"column":36},"end":{"line":107,"column":75}},"41":{"start":{"line":108,"column":48},"end":{"line":108,"column":57}},"42":{"start":{"line":109,"column":22},"end":{"line":113,"column":null}},"43":{"start":{"line":115,"column":6},"end":{"line":115,"column":66}},"44":{"start":{"line":117,"column":6},"end":{"line":117,"column":18}},"45":{"start":{"line":125,"column":4},"end":{"line":131,"column":5}},"46":{"start":{"line":126,"column":27},"end":{"line":126,"column":50}},"47":{"start":{"line":127,"column":21},"end":{"line":127,"column":98}},"48":{"start":{"line":128,"column":6},"end":{"line":128,"column":62}},"49":{"start":{"line":130,"column":6},"end":{"line":130,"column":18}},"50":{"start":{"line":138,"column":4},"end":{"line":144,"column":5}},"51":{"start":{"line":139,"column":27},"end":{"line":139,"column":50}},"52":{"start":{"line":140,"column":6},"end":{"line":140,"column":68}},"53":{"start":{"line":141,"column":6},"end":{"line":141,"column":60}},"54":{"start":{"line":143,"column":6},"end":{"line":143,"column":18}},"55":{"start":{"line":151,"column":4},"end":{"line":156,"column":5}},"56":{"start":{"line":152,"column":25},"end":{"line":152,"column":86}},"57":{"start":{"line":153,"column":6},"end":{"line":153,"column":80}},"58":{"start":{"line":155,"column":6},"end":{"line":155,"column":18}},"59":{"start":{"line":11,"column":0},"end":{"line":11,"column":13}},"60":{"start":{"line":160,"column":13},"end":{"line":160,"column":55}}},"fnMap":{"0":{"name":"(anonymous_0)","decl":{"start":{"line":15,"column":2},"end":{"line":15,"column":7}},"loc":{"start":{"line":15,"column":71},"end":{"line":23,"column":3}}},"1":{"name":"(anonymous_1)","decl":{"start":{"line":29,"column":2},"end":{"line":29,"column":7}},"loc":{"start":{"line":29,"column":74},"end":{"line":46,"column":3}}},"2":{"name":"(anonymous_2)","decl":{"start":{"line":34,"column":57},"end":{"line":34,"column":58}},"loc":{"start":{"line":34,"column":62},"end":{"line":34,"column":97}}},"3":{"name":"(anonymous_3)","decl":{"start":{"line":52,"column":2},"end":{"line":52,"column":7}},"loc":{"start":{"line":52,"column":77},"end":{"line":68,"column":3}}},"4":{"name":"(anonymous_4)","decl":{"start":{"line":73,"column":2},"end":{"line":73,"column":7}},"loc":{"start":{"line":73,"column":77},"end":{"line":86,"column":3}}},"5":{"name":"(anonymous_5)","decl":{"start":{"line":92,"column":2},"end":{"line":92,"column":7}},"loc":{"start":{"line":92,"column":84},"end":{"line":99,"column":3}}},"6":{"name":"(anonymous_6)","decl":{"start":{"line":104,"column":2},"end":{"line":104,"column":7}},"loc":{"start":{"line":104,"column":80},"end":{"line":119,"column":3}}},"7":{"name":"(anonymous_7)","decl":{"start":{"line":124,"column":2},"end":{"line":124,"column":7}},"loc":{"start":{"line":124,"column":72},"end":{"line":132,"column":3}}},"8":{"name":"(anonymous_8)","decl":{"start":{"line":137,"column":2},"end":{"line":137,"column":7}},"loc":{"start":{"line":137,"column":72},"end":{"line":145,"column":3}}},"9":{"name":"(anonymous_9)","decl":{"start":{"line":150,"column":2},"end":{"line":150,"column":7}},"loc":{"start":{"line":150,"column":79},"end":{"line":157,"column":3}}}},"branchMap":{"0":{"loc":{"start":{"line":33,"column":6},"end":{"line":37,"column":7}},"type":"if","locations":[{"start":{"line":33,"column":6},"end":{"line":37,"column":7}}]},"1":{"loc":{"start":{"line":56,"column":6},"end":{"line":59,"column":7}},"type":"if","locations":[{"start":{"line":56,"column":6},"end":{"line":59,"column":7}}]},"2":{"loc":{"start":{"line":64,"column":66},"end":{"line":64,"column":117}},"type":"cond-expr","locations":[{"start":{"line":64,"column":91},"end":{"line":64,"column":105}},{"start":{"line":64,"column":108},"end":{"line":64,"column":117}}]},"3":{"loc":{"start":{"line":107,"column":6},"end":{"line":107,"column":75}},"type":"if","locations":[{"start":{"line":107,"column":6},"end":{"line":107,"column":75}}]}},"s":{"0":0,"1":0,"2":0,"3":0,"4":0,"5":0,"6":0,"7":0,"8":0,"9":0,"10":0,"11":0,"12":0,"13":0,"14":0,"15":0,"16":0,"17":0,"18":0,"19":0,"20":0,"21":0,"22":0,"23":0,"24":0,"25":0,"26":0,"27":0,"28":0,"29":0,"30":0,"31":0,"32":0,"33":0,"34":0,"35":0,"36":0,"37":0,"38":0,"39":0,"40":0,"41":0,"42":0,"43":0,"44":0,"45":0,"46":0,"47":0,"48":0,"49":0,"50":0,"51":0,"52":0,"53":0,"54":0,"55":0,"56":0,"57":0,"58":0,"59":0,"60":0},"f":{"0":0,"1":0,"2":0,"3":0,"4":0,"5":0,"6":0,"7":0,"8":0,"9":0},"b":{"0":[0],"1":[0],"2":[0,0],"3":[0]}}
,"/workspaces/academic-management-system/backend/src/controllers/student.controller.ts": {"path":"/workspaces/academic-management-system/backend/src/controllers/student.controller.ts","statementMap":{"0":{"start":{"line":4,"column":0},"end":{"line":4,"column":64}},"1":{"start":{"line":5,"column":0},"end":{"line":5,"column":79}},"2":{"start":{"line":11,"column":4},"end":{"line":21,"column":5}},"3":{"start":{"line":13,"column":6},"end":{"line":15,"column":7}},"4":{"start":{"line":14,"column":8},"end":{"line":14,"column":55}},"5":{"start":{"line":17,"column":22},"end":{"line":17,"column":59}},"6":{"start":{"line":18,"column":6},"end":{"line":18,"column":64}},"7":{"start":{"line":20,"column":6},"end":{"line":20,"column":18}},"8":{"start":{"line":25,"column":4},"end":{"line":50,"column":5}},"9":{"start":{"line":26,"column":45},"end":{"line":26,"column":54}},"10":{"start":{"line":29,"column":25},"end":{"line":29,"column":57}},"11":{"start":{"line":30,"column":6},"end":{"line":32,"column":7}},"12":{"start":{"line":31,"column":8},"end":{"line":31,"column":47}},"13":{"start":{"line":34,"column":34},"end":{"line":40,"column":8}},"14":{"start":{"line":42,"column":6},"end":{"line":47,"column":9}},"15":{"start":{"line":49,"column":6},"end":{"line":49,"column":18}},"16":{"start":{"line":54,"column":4},"end":{"line":66,"column":5}},"17":{"start":{"line":55,"column":22},"end":{"line":55,"column":66}},"18":{"start":{"line":58,"column":6},"end":{"line":61,"column":7}},"19":{"start":{"line":59,"column":8},"end":{"line":59,"column":75}},"20":{"start":{"line":60,"column":8},"end":{"line":60,"column":15}},"21":{"start":{"line":63,"column":6},"end":{"line":63,"column":66}},"22":{"start":{"line":65,"column":6},"end":{"line":65,"column":18}},"23":{"start":{"line":70,"column":4},"end":{"line":75,"column":5}},"24":{"start":{"line":71,"column":22},"end":{"line":71,"column":74}},"25":{"start":{"line":72,"column":6},"end":{"line":72,"column":64}},"26":{"start":{"line":74,"column":6},"end":{"line":74,"column":18}},"27":{"start":{"line":79,"column":4},"end":{"line":84,"column":5}},"28":{"start":{"line":80,"column":6},"end":{"line":80,"column":49}},"29":{"start":{"line":81,"column":6},"end":{"line":81,"column":25}},"30":{"start":{"line":83,"column":6},"end":{"line":83,"column":18}},"31":{"start":{"line":88,"column":4},"end":{"line":102,"column":5}},"32":{"start":{"line":89,"column":25},"end":{"line":89,"column":48}},"33":{"start":{"line":90,"column":6},"end":{"line":92,"column":7}},"34":{"start":{"line":91,"column":8},"end":{"line":91,"column":47}},"35":{"start":{"line":94,"column":23},"end":{"line":96,"column":null}},"36":{"start":{"line":99,"column":6},"end":{"line":99,"column":68}},"37":{"start":{"line":101,"column":6},"end":{"line":101,"column":18}},"38":{"start":{"line":9,"column":0},"end":{"line":9,"column":13}},"39":{"start":{"line":106,"column":13},"end":{"line":106,"column":57}}},"fnMap":{"0":{"name":"(anonymous_0)","decl":{"start":{"line":10,"column":2},"end":{"line":10,"column":7}},"loc":{"start":{"line":10,"column":66},"end":{"line":22,"column":3}}},"1":{"name":"(anonymous_1)","decl":{"start":{"line":24,"column":2},"end":{"line":24,"column":7}},"loc":{"start":{"line":24,"column":67},"end":{"line":51,"column":3}}},"2":{"name":"(anonymous_2)","decl":{"start":{"line":53,"column":2},"end":{"line":53,"column":7}},"loc":{"start":{"line":53,"column":68},"end":{"line":67,"column":3}}},"3":{"name":"(anonymous_3)","decl":{"start":{"line":69,"column":2},"end":{"line":69,"column":7}},"loc":{"start":{"line":69,"column":66},"end":{"line":76,"column":3}}},"4":{"name":"(anonymous_4)","decl":{"start":{"line":78,"column":2},"end":{"line":78,"column":7}},"loc":{"start":{"line":78,"column":66},"end":{"line":85,"column":3}}},"5":{"name":"(anonymous_5)","decl":{"start":{"line":87,"column":2},"end":{"line":87,"column":7}},"loc":{"start":{"line":87,"column":80},"end":{"line":103,"column":3}}}},"branchMap":{"0":{"loc":{"start":{"line":13,"column":6},"end":{"line":15,"column":7}},"type":"if","locations":[{"start":{"line":13,"column":6},"end":{"line":15,"column":7}}]},"1":{"loc":{"start":{"line":30,"column":6},"end":{"line":32,"column":7}},"type":"if","locations":[{"start":{"line":30,"column":6},"end":{"line":32,"column":7}}]},"2":{"loc":{"start":{"line":37,"column":14},"end":{"line":37,"column":57}},"type":"cond-expr","locations":[{"start":{"line":37,"column":21},"end":{"line":37,"column":45}},{"start":{"line":37,"column":48},"end":{"line":37,"column":57}}]},"3":{"loc":{"start":{"line":38,"column":15},"end":{"line":38,"column":60}},"type":"cond-expr","locations":[{"start":{"line":38,"column":23},"end":{"line":38,"column":48}},{"start":{"line":38,"column":51},"end":{"line":38,"column":60}}]},"4":{"loc":{"start":{"line":43,"column":14},"end":{"line":43,"column":49}},"type":"cond-expr","locations":[{"start":{"line":43,"column":21},"end":{"line":43,"column":45}},{"start":{"line":43,"column":48},"end":{"line":43,"column":49}}]},"5":{"loc":{"start":{"line":44,"column":15},"end":{"line":44,"column":53}},"type":"cond-expr","locations":[{"start":{"line":44,"column":23},"end":{"line":44,"column":48}},{"start":{"line":44,"column":51},"end":{"line":44,"column":53}}]},"6":{"loc":{"start":{"line":46,"column":39},"end":{"line":46,"column":77}},"type":"cond-expr","locations":[{"start":{"line":46,"column":47},"end":{"line":46,"column":72}},{"start":{"line":46,"column":75},"end":{"line":46,"column":77}}]},"7":{"loc":{"start":{"line":58,"column":6},"end":{"line":61,"column":7}},"type":"if","locations":[{"start":{"line":58,"column":6},"end":{"line":61,"column":7}}]},"8":{"loc":{"start":{"line":58,"column":10},"end":{"line":58,"column":85}},"type":"binary-expr","locations":[{"start":{"line":58,"column":10},"end":{"line":58,"column":34}},{"start":{"line":58,"column":38},"end":{"line":58,"column":85}}]},"9":{"loc":{"start":{"line":90,"column":6},"end":{"line":92,"column":7}},"type":"if","locations":[{"start":{"line":90,"column":6},"end":{"line":92,"column":7}}]}},"s":{"0":0,"1":0,"2":0,"3":0,"4":0,"5":0,"6":0,"7":0,"8":0,"9":0,"10":0,"11":0,"12":0,"13":0,"14":0,"15":0,"16":0,"17":0,"18":0,"19":0,"20":0,"21":0,"22":0,"23":0,"24":0,"25":0,"26":0,"27":0,"28":0,"29":0,"30":0,"31":0,"32":0,"33":0,"34":0,"35":0,"36":0,"37":0,"38":0,"39":0},"f":{"0":0,"1":0,"2":0,"3":0,"4":0,"5":0},"b":{"0":[0],"1":[0],"2":[0,0],"3":[0,0],"4":[0,0],"5":[0,0],"6":[0,0],"7":[0],"8":[0,0],"9":[0]}}
,"/workspaces/academic-management-system/backend/src/middleware/auth.middleware.ts": {"path":"/workspaces/academic-management-system/backend/src/middleware/auth.middleware.ts","statementMap":{"0":{"start":{"line":13,"column":0},"end":{"line":13,"column":7}},"1":{"start":{"line":68,"column":0},"end":{"line":68,"column":16}},"2":{"start":{"line":87,"column":0},"end":{"line":87,"column":16}},"3":{"start":{"line":119,"column":0},"end":{"line":119,"column":7}},"4":{"start":{"line":4,"column":0},"end":{"line":4,"column":42}},"5":{"start":{"line":6,"column":0},"end":{"line":6,"column":61}},"6":{"start":{"line":7,"column":0},"end":{"line":7,"column":71}},"7":{"start":{"line":8,"column":0},"end":{"line":8,"column":47}},"8":{"start":{"line":18,"column":2},"end":{"line":61,"column":3}},"9":{"start":{"line":19,"column":18},"end":{"line":19,"column":57}},"10":{"start":{"line":21,"column":4},"end":{"line":24,"column":5}},"11":{"start":{"line":22,"column":6},"end":{"line":22,"column":64}},"12":{"start":{"line":23,"column":6},"end":{"line":23,"column":13}},"13":{"start":{"line":26,"column":20},"end":{"line":26,"column":38}},"14":{"start":{"line":28,"column":4},"end":{"line":31,"column":5}},"15":{"start":{"line":29,"column":6},"end":{"line":29,"column":56}},"16":{"start":{"line":30,"column":6},"end":{"line":30,"column":13}},"17":{"start":{"line":33,"column":17},"end":{"line":43,"column":6}},"18":{"start":{"line":45,"column":4},"end":{"line":48,"column":5}},"19":{"start":{"line":46,"column":6},"end":{"line":46,"column":58}},"20":{"start":{"line":47,"column":6},"end":{"line":47,"column":13}},"21":{"start":{"line":50,"column":4},"end":{"line":56,"column":6}},"22":{"start":{"line":58,"column":4},"end":{"line":58,"column":11}},"23":{"start":{"line":60,"column":4},"end":{"line":60,"column":51}},"24":{"start":{"line":69,"column":2},"end":{"line":81,"column":4}},"25":{"start":{"line":70,"column":4},"end":{"line":73,"column":5}},"26":{"start":{"line":71,"column":6},"end":{"line":71,"column":49}},"27":{"start":{"line":72,"column":6},"end":{"line":72,"column":13}},"28":{"start":{"line":75,"column":4},"end":{"line":78,"column":5}},"29":{"start":{"line":76,"column":6},"end":{"line":76,"column":79}},"30":{"start":{"line":77,"column":6},"end":{"line":77,"column":13}},"31":{"start":{"line":80,"column":4},"end":{"line":80,"column":11}},"32":{"start":{"line":92,"column":2},"end":{"line":95,"column":3}},"33":{"start":{"line":93,"column":4},"end":{"line":93,"column":47}},"34":{"start":{"line":94,"column":4},"end":{"line":94,"column":11}},"35":{"start":{"line":98,"column":2},"end":{"line":101,"column":3}},"36":{"start":{"line":99,"column":4},"end":{"line":99,"column":11}},"37":{"start":{"line":100,"column":4},"end":{"line":100,"column":11}},"38":{"start":{"line":104,"column":32},"end":{"line":104,"column":80}},"39":{"start":{"line":106,"column":2},"end":{"line":111,"column":3}},"40":{"start":{"line":107,"column":4},"end":{"line":110,"column":5}},"41":{"start":{"line":108,"column":6},"end":{"line":108,"column":68}},"42":{"start":{"line":109,"column":6},"end":{"line":109,"column":13}},"43":{"start":{"line":113,"column":2},"end":{"line":113,"column":9}},"44":{"start":{"line":124,"column":2},"end":{"line":127,"column":3}},"45":{"start":{"line":125,"column":4},"end":{"line":125,"column":47}},"46":{"start":{"line":126,"column":4},"end":{"line":126,"column":11}},"47":{"start":{"line":129,"column":2},"end":{"line":132,"column":3}},"48":{"start":{"line":130,"column":4},"end":{"line":130,"column":11}},"49":{"start":{"line":131,"column":4},"end":{"line":131,"column":11}},"50":{"start":{"line":134,"column":23},"end":{"line":134,"column":71}},"51":{"start":{"line":136,"column":2},"end":{"line":146,"column":3}},"52":{"start":{"line":137,"column":23},"end":{"line":140,"column":6}},"53":{"start":{"line":142,"column":4},"end":{"line":145,"column":5}},"54":{"start":{"line":143,"column":6},"end":{"line":143,"column":76}},"55":{"start":{"line":144,"column":6},"end":{"line":144,"column":13}},"56":{"start":{"line":148,"column":2},"end":{"line":148,"column":9}}},"fnMap":{"0":{"name":"authenticate","decl":{"start":{"line":13,"column":22},"end":{"line":13,"column":34}},"loc":{"start":{"line":16,"column":20},"end":{"line":62,"column":1}}},"1":{"name":"authorize","decl":{"start":{"line":68,"column":16},"end":{"line":68,"column":25}},"loc":{"start":{"line":68,"column":53},"end":{"line":82,"column":1}}},"2":{"name":"(anonymous_2)","decl":{"start":{"line":69,"column":9},"end":{"line":69,"column":10}},"loc":{"start":{"line":69,"column":71},"end":{"line":81,"column":3}}},"3":{"name":"restrictToDepartment","decl":{"start":{"line":87,"column":16},"end":{"line":87,"column":36}},"loc":{"start":{"line":90,"column":20},"end":{"line":114,"column":1}}},"4":{"name":"restrictToFaculty","decl":{"start":{"line":119,"column":22},"end":{"line":119,"column":39}},"loc":{"start":{"line":122,"column":20},"end":{"line":149,"column":1}}}},"branchMap":{"0":{"loc":{"start":{"line":21,"column":4},"end":{"line":24,"column":5}},"type":"if","locations":[{"start":{"line":21,"column":4},"end":{"line":24,"column":5}}]},"1":{"loc":{"start":{"line":28,"column":4},"end":{"line":31,"column":5}},"type":"if","locations":[{"start":{"line":28,"column":4},"end":{"line":31,"column":5}}]},"2":{"loc":{"start":{"line":45,"column":4},"end":{"line":48,"column":5}},"type":"if","locations":[{"start":{"line":45,"column":4},"end":{"line":48,"column":5}}]},"3":{"loc":{"start":{"line":45,"column":8},"end":{"line":45,"column":31}},"type":"binary-expr","locations":[{"start":{"line":45,"column":8},"end":{"line":45,"column":13}},{"start":{"line":45,"column":17},"end":{"line":45,"column":31}}]},"4":{"loc":{"start":{"line":70,"column":4},"end":{"line":73,"column":5}},"type":"if","locations":[{"start":{"line":70,"column":4},"end":{"line":73,"column":5}}]},"5":{"loc":{"start":{"line":75,"column":4},"end":{"line":78,"column":5}},"type":"if","locations":[{"start":{"line":75,"column":4},"end":{"line":78,"column":5}}]},"6":{"loc":{"start":{"line":92,"column":2},"end":{"line":95,"column":3}},"type":"if","locations":[{"start":{"line":92,"column":2},"end":{"line":95,"column":3}}]},"7":{"loc":{"start":{"line":98,"column":2},"end":{"line":101,"column":3}},"type":"if","locations":[{"start":{"line":98,"column":2},"end":{"line":101,"column":3}}]},"8":{"loc":{"start":{"line":104,"column":32},"end":{"line":104,"column":80}},"type":"binary-expr","locations":[{"start":{"line":104,"column":32},"end":{"line":104,"column":55}},{"start":{"line":104,"column":59},"end":{"line":104,"column":80}}]},"9":{"loc":{"start":{"line":106,"column":2},"end":{"line":111,"column":3}},"type":"if","locations":[{"start":{"line":106,"column":2},"end":{"line":111,"column":3}}]},"10":{"loc":{"start":{"line":106,"column":6},"end":{"line":106,"column":61}},"type":"binary-expr","locations":[{"start":{"line":106,"column":6},"end":{"line":106,"column":36}},{"start":{"line":106,"column":40},"end":{"line":106,"column":61}}]},"11":{"loc":{"start":{"line":107,"column":4},"end":{"line":110,"column":5}},"type":"if","locations":[{"start":{"line":107,"column":4},"end":{"line":110,"column":5}}]},"12":{"loc":{"start":{"line":124,"column":2},"end":{"line":127,"column":3}},"type":"if","locations":[{"start":{"line":124,"column":2},"end":{"line":127,"column":3}}]},"13":{"loc":{"start":{"line":129,"column":2},"end":{"line":132,"column":3}},"type":"if","locations":[{"start":{"line":129,"column":2},"end":{"line":132,"column":3}}]},"14":{"loc":{"start":{"line":134,"column":23},"end":{"line":134,"column":71}},"type":"binary-expr","locations":[{"start":{"line":134,"column":23},"end":{"line":134,"column":46}},{"start":{"line":134,"column":50},"end":{"line":134,"column":71}}]},"15":{"loc":{"start":{"line":136,"column":2},"end":{"line":146,"column":3}},"type":"if","locations":[{"start":{"line":136,"column":2},"end":{"line":146,"column":3}}]},"16":{"loc":{"start":{"line":142,"column":4},"end":{"line":145,"column":5}},"type":"if","locations":[{"start":{"line":142,"column":4},"end":{"line":145,"column":5}}]},"17":{"loc":{"start":{"line":142,"column":8},"end":{"line":142,"column":66}},"type":"binary-expr","locations":[{"start":{"line":142,"column":8},"end":{"line":142,"column":19}},{"start":{"line":142,"column":23},"end":{"line":142,"column":66}}]}},"s":{"0":0,"1":0,"2":0,"3":0,"4":0,"5":0,"6":0,"7":0,"8":0,"9":0,"10":0,"11":0,"12":0,"13":0,"14":0,"15":0,"16":0,"17":0,"18":0,"19":0,"20":0,"21":0,"22":0,"23":0,"24":0,"25":0,"26":0,"27":0,"28":0,"29":0,"30":0,"31":0,"32":0,"33":0,"34":0,"35":0,"36":0,"37":0,"38":0,"39":0,"40":0,"41":0,"42":0,"43":0,"44":0,"45":0,"46":0,"47":0,"48":0,"49":0,"50":0,"51":0,"52":0,"53":0,"54":0,"55":0,"56":0},"f":{"0":0,"1":0,"2":0,"3":0,"4":0},"b":{"0":[0],"1":[0],"2":[0],"3":[0,0],"4":[0],"5":[0],"6":[0],"7":[0],"8":[0,0],"9":[0],"10":[0,0],"11":[0],"12":[0],"13":[0],"14":[0,0],"15":[0],"16":[0],"17":[0,0]}}
,"/workspaces/academic-management-system/backend/src/middleware/error.middleware.ts": {"path":"/workspaces/academic-management-system/backend/src/middleware/error.middleware.ts","statementMap":{"0":{"start":{"line":25,"column":0},"end":{"line":25,"column":16}},"1":{"start":{"line":55,"column":0},"end":{"line":55,"column":16}},"2":{"start":{"line":4,"column":0},"end":{"line":4,"column":49}},"3":{"start":{"line":14,"column":4},"end":{"line":14,"column":19}},"4":{"start":{"line":15,"column":4},"end":{"line":15,"column":33}},"5":{"start":{"line":16,"column":4},"end":{"line":16,"column":30}},"6":{"start":{"line":18,"column":4},"end":{"line":18,"column":52}},"7":{"start":{"line":9,"column":0},"end":{"line":9,"column":13}},"8":{"start":{"line":31,"column":2},"end":{"line":31,"column":31}},"9":{"start":{"line":33,"column":2},"end":{"line":36,"column":3}},"10":{"start":{"line":34,"column":4},"end":{"line":34,"column":48}},"11":{"start":{"line":35,"column":4},"end":{"line":35,"column":11}},"12":{"start":{"line":39,"column":2},"end":{"line":42,"column":3}},"13":{"start":{"line":40,"column":4},"end":{"line":40,"column":53}},"14":{"start":{"line":41,"column":4},"end":{"line":41,"column":11}},"15":{"start":{"line":45,"column":18},"end":{"line":47,"column":17}},"16":{"start":{"line":49,"column":2},"end":{"line":49,"column":31}},"17":{"start":{"line":56,"column":2},"end":{"line":56,"column":60}}},"fnMap":{"0":{"name":"(anonymous_0)","decl":{"start":{"line":13,"column":2},"end":{"line":13,"column":14}},"loc":{"start":{"line":13,"column":55},"end":{"line":19,"column":3}}},"1":{"name":"errorHandler","decl":{"start":{"line":25,"column":16},"end":{"line":25,"column":28}},"loc":{"start":{"line":29,"column":20},"end":{"line":50,"column":1}}},"2":{"name":"notFoundHandler","decl":{"start":{"line":55,"column":16},"end":{"line":55,"column":31}},"loc":{"start":{"line":55,"column":59},"end":{"line":57,"column":1}}}},"branchMap":{"0":{"loc":{"start":{"line":13,"column":31},"end":{"line":13,"column":55}},"type":"default-arg","locations":[{"start":{"line":13,"column":52},"end":{"line":13,"column":55}}]},"1":{"loc":{"start":{"line":33,"column":2},"end":{"line":36,"column":3}},"type":"if","locations":[{"start":{"line":33,"column":2},"end":{"line":36,"column":3}}]},"2":{"loc":{"start":{"line":39,"column":2},"end":{"line":42,"column":3}},"type":"if","locations":[{"start":{"line":39,"column":2},"end":{"line":42,"column":3}}]},"3":{"loc":{"start":{"line":45,"column":18},"end":{"line":47,"column":17}},"type":"cond-expr","locations":[{"start":{"line":46,"column":6},"end":{"line":46,"column":36}},{"start":{"line":47,"column":6},"end":{"line":47,"column":17}}]}},"s":{"0":0,"1":0,"2":0,"3":0,"4":0,"5":0,"6":0,"7":0,"8":0,"9":0,"10":0,"11":0,"12":0,"13":0,"14":0,"15":0,"16":0,"17":0},"f":{"0":0,"1":0,"2":0},"b":{"0":[0],"1":[0],"2":[0],"3":[0,0]}}
,"/workspaces/academic-management-system/backend/src/middleware/upload.middleware.ts": {"path":"/workspaces/academic-management-system/backend/src/middleware/upload.middleware.ts","statementMap":{"0":{"start":{"line":42,"column":0},"end":{"line":42,"column":16}},"1":{"start":{"line":3,"column":0},"end":{"line":3,"column":28}},"2":{"start":{"line":5,"column":0},"end":{"line":5,"column":49}},"3":{"start":{"line":8,"column":16},"end":{"line":8,"column":38}},"4":{"start":{"line":11,"column":24},"end":{"line":30,"column":1}},"5":{"start":{"line":16,"column":23},"end":{"line":20,"column":4}},"6":{"start":{"line":22,"column":28},"end":{"line":22,"column":53}},"7":{"start":{"line":23,"column":24},"end":{"line":23,"column":97}},"8":{"start":{"line":25,"column":2},"end":{"line":29,"column":3}},"9":{"start":{"line":26,"column":4},"end":{"line":26,"column":25}},"10":{"start":{"line":28,"column":4},"end":{"line":28,"column":99}},"11":{"start":{"line":33,"column":13},"end":{"line":39,"column":3}},"12":{"start":{"line":43,"column":2},"end":{"line":54,"column":3}},"13":{"start":{"line":44,"column":4},"end":{"line":49,"column":5}},"14":{"start":{"line":45,"column":6},"end":{"line":48,"column":9}},"15":{"start":{"line":50,"column":4},"end":{"line":53,"column":7}},"16":{"start":{"line":55,"column":2},"end":{"line":55,"column":14}}},"fnMap":{"0":{"name":"(anonymous_1)","decl":{"start":{"line":11,"column":24},"end":{"line":11,"column":null}},"loc":{"start":{"line":15,"column":4},"end":{"line":30,"column":1}}},"1":{"name":"handleMulterError","decl":{"start":{"line":42,"column":16},"end":{"line":42,"column":33}},"loc":{"start":{"line":42,"column":75},"end":{"line":56,"column":1}}}},"branchMap":{"0":{"loc":{"start":{"line":25,"column":2},"end":{"line":29,"column":3}},"type":"if","locations":[{"start":{"line":25,"column":2},"end":{"line":29,"column":3}},{"start":{"line":27,"column":9},"end":{"line":29,"column":3}}]},"1":{"loc":{"start":{"line":25,"column":6},"end":{"line":25,"column":87}},"type":"binary-expr","locations":[{"start":{"line":25,"column":6},"end":{"line":25,"column":42}},{"start":{"line":25,"column":46},"end":{"line":25,"column":87}}]},"2":{"loc":{"start":{"line":43,"column":2},"end":{"line":54,"column":3}},"type":"if","locations":[{"start":{"line":43,"column":2},"end":{"line":54,"column":3}}]},"3":{"loc":{"start":{"line":44,"column":4},"end":{"line":49,"column":5}},"type":"if","locations":[{"start":{"line":44,"column":4},"end":{"line":49,"column":5}}]}},"s":{"0":0,"1":0,"2":0,"3":0,"4":0,"5":0,"6":0,"7":0,"8":0,"9":0,"10":0,"11":0,"12":0,"13":0,"14":0,"15":0,"16":0},"f":{"0":0,"1":0},"b":{"0":[0,0],"1":[0,0],"2":[0],"3":[0]}}
,"/workspaces/academic-management-system/backend/src/middleware/validation.middleware.ts": {"path":"/workspaces/academic-management-system/backend/src/middleware/validation.middleware.ts","statementMap":{"0":{"start":{"line":11,"column":0},"end":{"line":11,"column":16}},"1":{"start":{"line":34,"column":0},"end":{"line":34,"column":16}},"2":{"start":{"line":57,"column":0},"end":{"line":57,"column":16}},"3":{"start":{"line":4,"column":0},"end":{"line":4,"column":42}},"4":{"start":{"line":5,"column":0},"end":{"line":5,"column":54}},"5":{"start":{"line":12,"column":2},"end":{"line":27,"column":4}},"6":{"start":{"line":13,"column":4},"end":{"line":26,"column":5}},"7":{"start":{"line":14,"column":6},"end":{"line":14,"column":29}},"8":{"start":{"line":15,"column":6},"end":{"line":15,"column":13}},"9":{"start":{"line":17,"column":6},"end":{"line":24,"column":7}},"10":{"start":{"line":18,"column":30},"end":{"line":21,"column":11}},"11":{"start":{"line":18,"column":55},"end":{"line":21,"column":10}},"12":{"start":{"line":22,"column":8},"end":{"line":22,"column":80}},"13":{"start":{"line":23,"column":8},"end":{"line":23,"column":15}},"14":{"start":{"line":25,"column":6},"end":{"line":25,"column":50}},"15":{"start":{"line":35,"column":2},"end":{"line":50,"column":4}},"16":{"start":{"line":36,"column":4},"end":{"line":49,"column":5}},"17":{"start":{"line":37,"column":6},"end":{"line":37,"column":30}},"18":{"start":{"line":38,"column":6},"end":{"line":38,"column":13}},"19":{"start":{"line":40,"column":6},"end":{"line":47,"column":7}},"20":{"start":{"line":41,"column":30},"end":{"line":44,"column":11}},"21":{"start":{"line":41,"column":55},"end":{"line":44,"column":10}},"22":{"start":{"line":45,"column":8},"end":{"line":45,"column":87}},"23":{"start":{"line":46,"column":8},"end":{"line":46,"column":15}},"24":{"start":{"line":48,"column":6},"end":{"line":48,"column":54}},"25":{"start":{"line":58,"column":2},"end":{"line":73,"column":4}},"26":{"start":{"line":59,"column":4},"end":{"line":72,"column":5}},"27":{"start":{"line":60,"column":6},"end":{"line":60,"column":31}},"28":{"start":{"line":61,"column":6},"end":{"line":61,"column":13}},"29":{"start":{"line":63,"column":6},"end":{"line":70,"column":7}},"30":{"start":{"line":64,"column":30},"end":{"line":67,"column":11}},"31":{"start":{"line":64,"column":55},"end":{"line":67,"column":10}},"32":{"start":{"line":68,"column":8},"end":{"line":68,"column":87}},"33":{"start":{"line":69,"column":8},"end":{"line":69,"column":15}},"34":{"start":{"line":71,"column":6},"end":{"line":71,"column":54}}},"fnMap":{"0":{"name":"validateBody","decl":{"start":{"line":11,"column":16},"end":{"line":11,"column":28}},"loc":{"start":{"line":11,"column":46},"end":{"line":28,"column":1}}},"1":{"name":"(anonymous_1)","decl":{"start":{"line":12,"column":9},"end":{"line":12,"column":10}},"loc":{"start":{"line":12,"column":67},"end":{"line":27,"column":3}}},"2":{"name":"(anonymous_2)","decl":{"start":{"line":18,"column":47},"end":{"line":18,"column":48}},"loc":{"start":{"line":18,"column":55},"end":{"line":21,"column":10}}},"3":{"name":"validateQuery","decl":{"start":{"line":34,"column":16},"end":{"line":34,"column":29}},"loc":{"start":{"line":34,"column":47},"end":{"line":51,"column":1}}},"4":{"name":"(anonymous_4)","decl":{"start":{"line":35,"column":9},"end":{"line":35,"column":10}},"loc":{"start":{"line":35,"column":67},"end":{"line":50,"column":3}}},"5":{"name":"(anonymous_5)","decl":{"start":{"line":41,"column":47},"end":{"line":41,"column":48}},"loc":{"start":{"line":41,"column":55},"end":{"line":44,"column":10}}},"6":{"name":"validateParams","decl":{"start":{"line":57,"column":16},"end":{"line":57,"column":30}},"loc":{"start":{"line":57,"column":48},"end":{"line":74,"column":1}}},"7":{"name":"(anonymous_7)","decl":{"start":{"line":58,"column":9},"end":{"line":58,"column":10}},"loc":{"start":{"line":58,"column":67},"end":{"line":73,"column":3}}},"8":{"name":"(anonymous_8)","decl":{"start":{"line":64,"column":47},"end":{"line":64,"column":48}},"loc":{"start":{"line":64,"column":55},"end":{"line":67,"column":10}}}},"branchMap":{"0":{"loc":{"start":{"line":17,"column":6},"end":{"line":24,"column":7}},"type":"if","locations":[{"start":{"line":17,"column":6},"end":{"line":24,"column":7}}]},"1":{"loc":{"start":{"line":40,"column":6},"end":{"line":47,"column":7}},"type":"if","locations":[{"start":{"line":40,"column":6},"end":{"line":47,"column":7}}]},"2":{"loc":{"start":{"line":63,"column":6},"end":{"line":70,"column":7}},"type":"if","locations":[{"start":{"line":63,"column":6},"end":{"line":70,"column":7}}]}},"s":{"0":0,"1":0,"2":0,"3":0,"4":0,"5":0,"6":0,"7":0,"8":0,"9":0,"10":0,"11":0,"12":0,"13":0,"14":0,"15":0,"16":0,"17":0,"18":0,"19":0,"20":0,"21":0,"22":0,"23":0,"24":0,"25":0,"26":0,"27":0,"28":0,"29":0,"30":0,"31":0,"32":0,"33":0,"34":0},"f":{"0":0,"1":0,"2":0,"3":0,"4":0,"5":0,"6":0,"7":0,"8":0},"b":{"0":[0],"1":[0],"2":[0]}}
,"/workspaces/academic-management-system/backend/src/routes/auth.routes.ts": {"path":"/workspaces/academic-management-system/backend/src/routes/auth.routes.ts","statementMap":{"0":{"start":{"line":3,"column":0},"end":{"line":3,"column":33}},"1":{"start":{"line":4,"column":0},"end":{"line":4,"column":67}},"2":{"start":{"line":5,"column":0},"end":{"line":5,"column":64}},"3":{"start":{"line":6,"column":0},"end":{"line":6,"column":70}},"4":{"start":{"line":7,"column":0},"end":{"line":7,"column":78}},"5":{"start":{"line":8,"column":0},"end":{"line":8,"column":24}},"6":{"start":{"line":10,"column":15},"end":{"line":10,"column":23}},"7":{"start":{"line":17,"column":0},"end":{"line":17,"column":71}},"8":{"start":{"line":24,"column":0},"end":{"line":24,"column":80}},"9":{"start":{"line":25,"column":0},"end":{"line":25,"column":78}},"10":{"start":{"line":32,"column":0},"end":{"line":32,"column":64}},"11":{"start":{"line":39,"column":0},"end":{"line":49,"column":2}},"12":{"start":{"line":51,"column":0},"end":{"line":51,"column":22}}},"fnMap":{},"branchMap":{},"s":{"0":0,"1":0,"2":0,"3":0,"4":0,"5":0,"6":0,"7":0,"8":0,"9":0,"10":0,"11":0,"12":0},"f":{},"b":{}}
,"/workspaces/academic-management-system/backend/src/routes/bulk.routes.ts": {"path":"/workspaces/academic-management-system/backend/src/routes/bulk.routes.ts","statementMap":{"0":{"start":{"line":3,"column":0},"end":{"line":3,"column":33}},"1":{"start":{"line":4,"column":0},"end":{"line":4,"column":67}},"2":{"start":{"line":5,"column":0},"end":{"line":5,"column":75}},"3":{"start":{"line":6,"column":0},"end":{"line":6,"column":84}},"4":{"start":{"line":8,"column":15},"end":{"line":8,"column":23}},"5":{"start":{"line":11,"column":0},"end":{"line":11,"column":25}},"6":{"start":{"line":12,"column":0},"end":{"line":12,"column":37}},"7":{"start":{"line":19,"column":0},"end":{"line":24,"column":2}},"8":{"start":{"line":31,"column":0},"end":{"line":31,"column":73}},"9":{"start":{"line":38,"column":0},"end":{"line":43,"column":2}},"10":{"start":{"line":50,"column":0},"end":{"line":50,"column":69}},"11":{"start":{"line":52,"column":0},"end":{"line":52,"column":22}}},"fnMap":{},"branchMap":{},"s":{"0":0,"1":0,"2":0,"3":0,"4":0,"5":0,"6":0,"7":0,"8":0,"9":0,"10":0,"11":0},"f":{},"b":{}}
,"/workspaces/academic-management-system/backend/src/routes/course.routes.ts": {"path":"/workspaces/academic-management-system/backend/src/routes/course.routes.ts","statementMap":{"0":{"start":{"line":3,"column":0},"end":{"line":3,"column":33}},"1":{"start":{"line":4,"column":0},"end":{"line":4,"column":71}},"2":{"start":{"line":5,"column":0},"end":{"line":5,"column":75}},"3":{"start":{"line":6,"column":0},"end":{"line":6,"column":70}},"4":{"start":{"line":7,"column":0},"end":{"line":7,"column":91}},"5":{"start":{"line":9,"column":15},"end":{"line":9,"column":23}},"6":{"start":{"line":11,"column":0},"end":{"line":11,"column":25}},"7":{"start":{"line":18,"column":0},"end":{"line":23,"column":2}},"8":{"start":{"line":30,"column":0},"end":{"line":30,"column":42}},"9":{"start":{"line":37,"column":0},"end":{"line":40,"column":2}},"10":{"start":{"line":47,"column":0},"end":{"line":47,"column":46}},"11":{"start":{"line":54,"column":0},"end":{"line":59,"column":2}},"12":{"start":{"line":66,"column":0},"end":{"line":66,"column":65}},"13":{"start":{"line":68,"column":0},"end":{"line":68,"column":22}}},"fnMap":{},"branchMap":{},"s":{"0":0,"1":0,"2":0,"3":0,"4":0,"5":0,"6":0,"7":0,"8":0,"9":0,"10":0,"11":0,"12":0,"13":0},"f":{},"b":{}}
,"/workspaces/academic-management-system/backend/src/routes/department.routes.ts": {"path":"/workspaces/academic-management-system/backend/src/routes/department.routes.ts","statementMap":{"0":{"start":{"line":3,"column":0},"end":{"line":3,"column":33}},"1":{"start":{"line":4,"column":0},"end":{"line":4,"column":79}},"2":{"start":{"line":5,"column":0},"end":{"line":5,"column":64}},"3":{"start":{"line":7,"column":15},"end":{"line":7,"column":23}},"4":{"start":{"line":14,"column":0},"end":{"line":14,"column":58}},"5":{"start":{"line":16,"column":0},"end":{"line":16,"column":25}},"6":{"start":{"line":23,"column":0},"end":{"line":23,"column":46}},"7":{"start":{"line":30,"column":0},"end":{"line":30,"column":67}},"8":{"start":{"line":37,"column":0},"end":{"line":37,"column":50}},"9":{"start":{"line":39,"column":0},"end":{"line":39,"column":22}}},"fnMap":{},"branchMap":{},"s":{"0":0,"1":0,"2":0,"3":0,"4":0,"5":0,"6":0,"7":0,"8":0,"9":0},"f":{},"b":{}}
,"/workspaces/academic-management-system/backend/src/routes/faculty.routes.ts": {"path":"/workspaces/academic-management-system/backend/src/routes/faculty.routes.ts","statementMap":{"0":{"start":{"line":3,"column":0},"end":{"line":3,"column":33}},"1":{"start":{"line":4,"column":0},"end":{"line":4,"column":73}},"2":{"start":{"line":5,"column":0},"end":{"line":5,"column":64}},"3":{"start":{"line":7,"column":15},"end":{"line":7,"column":23}},"4":{"start":{"line":9,"column":0},"end":{"line":9,"column":25}},"5":{"start":{"line":16,"column":0},"end":{"line":16,"column":43}},"6":{"start":{"line":23,"column":0},"end":{"line":23,"column":58}},"7":{"start":{"line":30,"column":0},"end":{"line":30,"column":47}},"8":{"start":{"line":32,"column":0},"end":{"line":32,"column":22}}},"fnMap":{},"branchMap":{},"s":{"0":0,"1":0,"2":0,"3":0,"4":0,"5":0,"6":0,"7":0,"8":0},"f":{},"b":{}}
,"/workspaces/academic-management-system/backend/src/routes/gpa.routes.ts": {"path":"/workspaces/academic-management-system/backend/src/routes/gpa.routes.ts","statementMap":{"0":{"start":{"line":3,"column":0},"end":{"line":3,"column":33}},"1":{"start":{"line":4,"column":0},"end":{"line":4,"column":65}},"2":{"start":{"line":5,"column":0},"end":{"line":5,"column":75}},"3":{"start":{"line":6,"column":0},"end":{"line":6,"column":70}},"4":{"start":{"line":7,"column":0},"end":{"line":7,"column":24}},"5":{"start":{"line":9,"column":15},"end":{"line":9,"column":23}},"6":{"start":{"line":11,"column":0},"end":{"line":11,"column":25}},"7":{"start":{"line":13,"column":27},"end":{"line":21,"column":2}},"8":{"start":{"line":23,"column":38},"end":{"line":31,"column":2}},"9":{"start":{"line":38,"column":0},"end":{"line":43,"column":2}},"10":{"start":{"line":50,"column":0},"end":{"line":50,"column":64}},"11":{"start":{"line":57,"column":0},"end":{"line":57,"column":78}},"12":{"start":{"line":64,"column":0},"end":{"line":69,"column":2}},"13":{"start":{"line":76,"column":0},"end":{"line":76,"column":83}},"14":{"start":{"line":78,"column":0},"end":{"line":78,"column":22}}},"fnMap":{},"branchMap":{},"s":{"0":0,"1":0,"2":0,"3":0,"4":0,"5":0,"6":0,"7":0,"8":0,"9":0,"10":0,"11":0,"12":0,"13":0,"14":0},"f":{},"b":{}}
,"/workspaces/academic-management-system/backend/src/routes/index.ts": {"path":"/workspaces/academic-management-system/backend/src/routes/index.ts","statementMap":{"0":{"start":{"line":3,"column":0},"end":{"line":3,"column":33}},"1":{"start":{"line":4,"column":0},"end":{"line":4,"column":42}},"2":{"start":{"line":5,"column":0},"end":{"line":5,"column":48}},"3":{"start":{"line":6,"column":0},"end":{"line":6,"column":46}},"4":{"start":{"line":7,"column":0},"end":{"line":7,"column":46}},"5":{"start":{"line":8,"column":0},"end":{"line":8,"column":40}},"6":{"start":{"line":9,"column":0},"end":{"line":9,"column":46}},"7":{"start":{"line":10,"column":0},"end":{"line":10,"column":54}},"8":{"start":{"line":11,"column":0},"end":{"line":11,"column":48}},"9":{"start":{"line":12,"column":0},"end":{"line":12,"column":42}},"10":{"start":{"line":14,"column":15},"end":{"line":14,"column":23}},"11":{"start":{"line":17,"column":0},"end":{"line":30,"column":3}},"12":{"start":{"line":18,"column":2},"end":{"line":29,"column":5}},"13":{"start":{"line":33,"column":0},"end":{"line":33,"column":32}},"14":{"start":{"line":34,"column":0},"end":{"line":34,"column":39}},"15":{"start":{"line":35,"column":0},"end":{"line":35,"column":37}},"16":{"start":{"line":36,"column":0},"end":{"line":36,"column":37}},"17":{"start":{"line":37,"column":0},"end":{"line":37,"column":30}},"18":{"start":{"line":38,"column":0},"end":{"line":38,"column":37}},"19":{"start":{"line":39,"column":0},"end":{"line":39,"column":45}},"20":{"start":{"line":40,"column":0},"end":{"line":40,"column":40}},"21":{"start":{"line":41,"column":0},"end":{"line":41,"column":32}},"22":{"start":{"line":43,"column":0},"end":{"line":43,"column":22}}},"fnMap":{"0":{"name":"(anonymous_1)","decl":{"start":{"line":17,"column":22},"end":{"line":17,"column":23}},"loc":{"start":{"line":17,"column":35},"end":{"line":30,"column":1}}}},"branchMap":{},"s":{"0":0,"1":0,"2":0,"3":0,"4":0,"5":0,"6":0,"7":0,"8":0,"9":0,"10":0,"11":0,"12":0,"13":0,"14":0,"15":0,"16":0,"17":0,"18":0,"19":0,"20":0,"21":0,"22":0},"f":{"0":0},"b":{}}
,"/workspaces/academic-management-system/backend/src/routes/report.routes.ts": {"path":"/workspaces/academic-management-system/backend/src/routes/report.routes.ts","statementMap":{"0":{"start":{"line":3,"column":0},"end":{"line":3,"column":33}},"1":{"start":{"line":4,"column":0},"end":{"line":4,"column":71}},"2":{"start":{"line":5,"column":0},"end":{"line":5,"column":75}},"3":{"start":{"line":7,"column":15},"end":{"line":7,"column":23}},"4":{"start":{"line":9,"column":0},"end":{"line":9,"column":25}},"5":{"start":{"line":16,"column":0},"end":{"line":16,"column":78}},"6":{"start":{"line":23,"column":0},"end":{"line":23,"column":90}},"7":{"start":{"line":30,"column":0},"end":{"line":30,"column":76}},"8":{"start":{"line":37,"column":0},"end":{"line":37,"column":76}},"9":{"start":{"line":44,"column":0},"end":{"line":44,"column":88}},"10":{"start":{"line":46,"column":0},"end":{"line":46,"column":22}}},"fnMap":{},"branchMap":{},"s":{"0":0,"1":0,"2":0,"3":0,"4":0,"5":0,"6":0,"7":0,"8":0,"9":0,"10":0},"f":{},"b":{}}
[...]
fnMap":{"0":{"name":"sendSuccess","decl":{"start":{"line":9,"column":16},"end":{"line":9,"column":27}},"loc":{"start":{"line":14,"column":28},"end":{"line":23,"column":1}}},"1":{"name":"sendError","decl":{"start":{"line":28,"column":16},"end":{"line":28,"column":25}},"loc":{"start":{"line":32,"column":16},"end":{"line":40,"column":1}}},"2":{"name":"sendCreated","decl":{"start":{"line":45,"column":16},"end":{"line":45,"column":27}},"loc":{"start":{"line":48,"column":42},"end":{"line":51,"column":1}}},"3":{"name":"sendNoContent","decl":{"start":{"line":56,"column":16},"end":{"line":56,"column":29}},"loc":{"start":{"line":56,"column":43},"end":{"line":58,"column":1}}},"4":{"name":"sendBadRequest","decl":{"start":{"line":63,"column":16},"end":{"line":63,"column":30}},"loc":{"start":{"line":66,"column":16},"end":{"line":69,"column":1}}},"5":{"name":"sendUnauthorized","decl":{"start":{"line":74,"column":16},"end":{"line":74,"column":32}},"loc":{"start":{"line":76,"column":34},"end":{"line":79,"column":1}}},"6":{"name":"sendForbidden","decl":{"start":{"line":84,"column":16},"end":{"line":84,"column":29}},"loc":{"start":{"line":86,"column":31},"end":{"line":89,"column":1}}},"7":{"name":"sendNotFound","decl":{"start":{"line":94,"column":16},"end":{"line":94,"column":28}},"loc":{"start":{"line":96,"column":40},"end":{"line":99,"column":1}}}},"branchMap":{"0":{"loc":{"start":{"line":12,"column":2},"end":{"line":12,"column":29}},"type":"default-arg","locations":[{"start":{"line":12,"column":20},"end":{"line":12,"column":29}}]},"1":{"loc":{"start":{"line":13,"column":2},"end":{"line":13,"column":26}},"type":"default-arg","locations":[{"start":{"line":13,"column":23},"end":{"line":13,"column":26}}]},"2":{"loc":{"start":{"line":31,"column":2},"end":{"line":31,"column":26}},"type":"default-arg","locations":[{"start":{"line":31,"column":23},"end":{"line":31,"column":26}}]},"3":{"loc":{"start":{"line":48,"column":2},"end":{"line":48,"column":42}},"type":"default-arg","locations":[{"start":{"line":48,"column":20},"end":{"line":48,"column":42}}]},"4":{"loc":{"start":{"line":65,"column":2},"end":{"line":65,"column":33}},"type":"default-arg","locations":[{"start":{"line":65,"column":20},"end":{"line":65,"column":33}}]},"5":{"loc":{"start":{"line":76,"column":2},"end":{"line":76,"column":34}},"type":"default-arg","locations":[{"start":{"line":76,"column":20},"end":{"line":76,"column":34}}]},"6":{"loc":{"start":{"line":86,"column":2},"end":{"line":86,"column":31}},"type":"default-arg","locations":[{"start":{"line":86,"column":20},"end":{"line":86,"column":31}}]},"7":{"loc":{"start":{"line":96,"column":2},"end":{"line":96,"column":40}},"type":"default-arg","locations":[{"start":{"line":96,"column":20},"end":{"line":96,"column":40}}]}},"s":{"0":0,"1":0,"2":0,"3":0,"4":0,"5":0,"6":0,"7":0,"8":0,"9":0,"10":0,"11":0,"12":0,"13":0,"14":0,"15":0,"16":0,"17":0},"f":{"0":0,"1":0,"2":0,"3":0,"4":0,"5":0,"6":0,"7":0},"b":{"0":[0],"1":[0],"2":[0],"3":[0],"4":[0],"5":[0],"6":[0],"7":[0]}}
,"/workspaces/academic-management-system/backend/src/validators/auth.validator.ts": {"path":"/workspaces/academic-management-system/backend/src/validators/auth.validator.ts","statementMap":{"0":{"start":{"line":3,"column":0},"end":{"line":3,"column":24}},"1":{"start":{"line":5,"column":13},"end":{"line":14,"column":3}},"2":{"start":{"line":16,"column":13},"end":{"line":24,"column":3}}},"fnMap":{},"branchMap":{},"s":{"0":0,"1":0,"2":0},"f":{},"b":{}}
,"/workspaces/academic-management-system/backend/src/validators/bulk.validator.ts": {"path":"/workspaces/academic-management-system/backend/src/validators/bulk.validator.ts","statementMap":{"0":{"start":{"line":15,"column":0},"end":{"line":15,"column":16}},"1":{"start":{"line":55,"column":0},"end":{"line":55,"column":16}},"2":{"start":{"line":75,"column":0},"end":{"line":75,"column":16}},"3":{"start":{"line":86,"column":0},"end":{"line":86,"column":16}},"4":{"start":{"line":98,"column":0},"end":{"line":98,"column":16}},"5":{"start":{"line":120,"column":0},"end":{"line":120,"column":16}},"6":{"start":{"line":172,"column":0},"end":{"line":172,"column":16}},"7":{"start":{"line":3,"column":0},"end":{"line":3,"column":24}},"8":{"start":{"line":4,"column":0},"end":{"line":4,"column":49}},"9":{"start":{"line":7,"column":20},"end":{"line":7,"column":115}},"10":{"start":{"line":10,"column":23},"end":{"line":10,"column":42}},"11":{"start":{"line":16,"column":21},"end":{"line":16,"column":91}},"12":{"start":{"line":18,"column":42},"end":{"line":47,"column":4}},"13":{"start":{"line":49,"column":2},"end":{"line":49,"column":38}},"14":{"start":{"line":56,"column":21},"end":{"line":56,"column":53}},"15":{"start":{"line":58,"column":48},"end":{"line":67,"column":4}},"16":{"start":{"line":69,"column":2},"end":{"line":69,"column":41}},"17":{"start":{"line":76,"column":16},"end":{"line":76,"column":32}},"18":{"start":{"line":77,"column":2},"end":{"line":77,"column":41}},"19":{"start":{"line":77,"column":28},"end":{"line":77,"column":41}},"20":{"start":{"line":79,"column":31},"end":{"line":79,"column":61}},"21":{"start":{"line":80,"column":2},"end":{"line":80,"column":101}},"22":{"start":{"line":88,"column":16},"end":{"line":88,"column":39}},"23":{"start":{"line":89,"column":2},"end":{"line":89,"column":37}},"24":{"start":{"line":89,"column":24},"end":{"line":89,"column":37}},"25":{"start":{"line":91,"column":19},"end":{"line":91,"column":41}},"26":{"start":{"line":92,"column":2},"end":{"line":92,"column":51}},"27":{"start":{"line":99,"column":22},"end":{"line":99,"column":46}},"28":{"start":{"line":100,"column":2},"end":{"line":100,"column":75}},"29":{"start":{"line":106,"column":13},"end":{"line":113,"column":3}},"30":{"start":{"line":121,"column":27},"end":{"line":121,"column":29}},"31":{"start":{"line":123,"column":2},"end":{"line":125,"column":3}},"32":{"start":{"line":124,"column":4},"end":{"line":124,"column":45}},"33":{"start":{"line":127,"column":2},"end":{"line":129,"column":3}},"34":{"start":{"line":128,"column":4},"end":{"line":128,"column":42}},"35":{"start":{"line":131,"column":2},"end":{"line":133,"column":3}},"36":{"start":{"line":132,"column":4},"end":{"line":132,"column":41}},"37":{"start":{"line":135,"column":2},"end":{"line":137,"column":3}},"38":{"start":{"line":136,"column":4},"end":{"line":136,"column":47}},"39":{"start":{"line":139,"column":2},"end":{"line":143,"column":3}},"40":{"start":{"line":140,"column":4},"end":{"line":140,"column":52}},"41":{"start":{"line":141,"column":9},"end":{"line":143,"column":3}},"42":{"start":{"line":142,"column":4},"end":{"line":142,"column":91}},"43":{"start":{"line":145,"column":2},"end":{"line":149,"column":3}},"44":{"start":{"line":146,"column":4},"end":{"line":146,"column":45}},"45":{"start":{"line":147,"column":9},"end":{"line":149,"column":3}},"46":{"start":{"line":148,"column":4},"end":{"line":148,"column":95}},"47":{"start":{"line":152,"column":2},"end":{"line":156,"column":3}},"48":{"start":{"line":153,"column":4},"end":{"line":155,"column":5}},"49":{"start":{"line":154,"column":6},"end":{"line":154,"column":108}},"50":{"start":{"line":159,"column":2},"end":{"line":164,"column":3}},"51":{"start":{"line":160,"column":23},"end":{"line":160,"column":51}},"52":{"start":{"line":161,"column":4},"end":{"line":163,"column":5}},"53":{"start":{"line":162,"column":6},"end":{"line":162,"column":42}},"54":{"start":{"line":166,"column":2},"end":{"line":166,"column":16}},"55":{"start":{"line":173,"column":27},"end":{"line":173,"column":29}},"56":{"start":{"line":175,"column":2},"end":{"line":177,"column":3}},"57":{"start":{"line":176,"column":4},"end":{"line":176,"column":45}},"58":{"start":{"line":179,"column":2},"end":{"line":181,"column":3}},"59":{"start":{"line":180,"column":4},"end":{"line":180,"column":43}},"60":{"start":{"line":183,"column":2},"end":{"line":187,"column":3}},"61":{"start":{"line":184,"column":4},"end":{"line":184,"column":43}},"62":{"start":{"line":185,"column":9},"end":{"line":187,"column":3}},"63":{"start":{"line":186,"column":4},"end":{"line":186,"column":51}},"64":{"start":{"line":189,"column":2},"end":{"line":193,"column":3}},"65":{"start":{"line":190,"column":4},"end":{"line":190,"column":45}},"66":{"start":{"line":191,"column":9},"end":{"line":193,"column":3}},"67":{"start":{"line":192,"column":4},"end":{"line":192,"column":115}},"68":{"start":{"line":195,"column":2},"end":{"line":195,"column":16}}},"fnMap":{"0":{"name":"parseLevel","decl":{"start":{"line":15,"column":16},"end":{"line":15,"column":26}},"loc":{"start":{"line":15,"column":43},"end":{"line":50,"column":1}}},"1":{"name":"parseSemester","decl":{"start":{"line":55,"column":16},"end":{"line":55,"column":29}},"loc":{"start":{"line":55,"column":49},"end":{"line":70,"column":1}}},"2":{"name":"validateAcademicYear","decl":{"start":{"line":75,"column":16},"end":{"line":75,"column":36}},"loc":{"start":{"line":75,"column":52},"end":{"line":81,"column":1}}},"3":{"name":"validateMatricNumberFormat","decl":{"start":{"line":86,"column":16},"end":{"line":86,"column":42}},"loc":{"start":{"line":86,"column":87},"end":{"line":93,"column":1}}},"4":{"name":"validateAdmissionYear","decl":{"start":{"line":98,"column":16},"end":{"line":98,"column":37}},"loc":{"start":{"line":98,"column":50},"end":{"line":101,"column":1}}},"5":{"name":"validateStudentRow","decl":{"start":{"line":120,"column":16},"end":{"line":120,"column":34}},"loc":{"start":{"line":120,"column":43},"end":{"line":167,"column":1}}},"6":{"name":"validateScoreRow","decl":{"start":{"line":172,"column":16},"end":{"line":172,"column":32}},"loc":{"start":{"line":172,"column":41},"end":{"line":196,"column":1}}}},"branchMap":{"0":{"loc":{"start":{"line":49,"column":9},"end":{"line":49,"column":37}},"type":"binary-expr","locations":[{"start":{"line":49,"column":9},"end":{"line":49,"column":29}},{"start":{"line":49,"column":33},"end":{"line":49,"column":37}}]},"1":{"loc":{"start":{"line":69,"column":9},"end":{"line":69,"column":40}},"type":"binary-expr","locations":[{"start":{"line":69,"column":9},"end":{"line":69,"column":32}},{"start":{"line":69,"column":36},"end":{"line":69,"column":40}}]},"2":{"loc":{"start":{"line":77,"column":2},"end":{"line":77,"column":41}},"type":"if","locations":[{"start":{"line":77,"column":2},"end":{"line":77,"column":41}}]},"3":{"loc":{"start":{"line":80,"column":9},"end":{"line":80,"column":100}},"type":"binary-expr","locations":[{"start":{"line":80,"column":9},"end":{"line":80,"column":34}},{"start":{"line":80,"column":38},"end":{"line":80,"column":55}},{"start":{"line":80,"column":59},"end":{"line":80,"column":100}}]},"4":{"loc":{"start":{"line":89,"column":2},"end":{"line":89,"column":37}},"type":"if","locations":[{"start":{"line":89,"column":2},"end":{"line":89,"column":37}}]},"5":{"loc":{"start":{"line":100,"column":9},"end":{"line":100,"column":74}},"type":"binary-expr","locations":[{"start":{"line":100,"column":9},"end":{"line":100,"column":21}},{"start":{"line":100,"column":25},"end":{"line":100,"column":48}},{"start":{"line":100,"column":52},"end":{"line":100,"column":74}}]},"6":{"loc":{"start":{"line":123,"column":2},"end":{"line":125,"column":3}},"type":"if","locations":[{"start":{"line":123,"column":2},"end":{"line":125,"column":3}}]},"7":{"loc":{"start":{"line":123,"column":6},"end":{"line":123,"column":57}},"type":"binary-expr","locations":[{"start":{"line":123,"column":6},"end":{"line":123,"column":23}},{"start":{"line":123,"column":27},"end":{"line":123,"column":57}}]},"8":{"loc":{"start":{"line":127,"column":2},"end":{"line":129,"column":3}},"type":"if","locations":[{"start":{"line":127,"column":2},"end":{"line":129,"column":3}}]},"9":{"loc":{"start":{"line":127,"column":6},"end":{"line":127,"column":51}},"type":"binary-expr","locations":[{"start":{"line":127,"column":6},"end":{"line":127,"column":20}},{"start":{"line":127,"column":24},"end":{"line":127,"column":51}}]},"10":{"loc":{"start":{"line":131,"column":2},"end":{"line":133,"column":3}},"type":"if","locations":[{"start":{"line":131,"column":2},"end":{"line":133,"column":3}}]},"11":{"loc":{"start":{"line":131,"column":6},"end":{"line":131,"column":49}},"type":"binary-expr","locations":[{"start":{"line":131,"column":6},"end":{"line":131,"column":19}},{"start":{"line":131,"column":23},"end":{"line":131,"column":49}}]},"12":{"loc":{"start":{"line":135,"column":2},"end":{"line":137,"column":3}},"type":"if","locations":[{"start":{"line":135,"column":2},"end":{"line":137,"column":3}}]},"13":{"loc":{"start":{"line":135,"column":6},"end":{"line":135,"column":61}},"type":"binary-expr","locations":[{"start":{"line":135,"column":6},"end":{"line":135,"column":25}},{"start":{"line":135,"column":29},"end":{"line":135,"column":61}}]},"14":{"loc":{"start":{"line":139,"column":2},"end":{"line":143,"column":3}},"type":"if","locations":[{"start":{"line":139,"column":2},"end":{"line":143,"column":3}},{"start":{"line":141,"column":9},"end":{"line":143,"column":3}}]},"15":{"loc":{"start":{"line":139,"column":6},"end":{"line":139,"column":52}},"type":"binary-expr","locations":[{"start":{"line":139,"column":6},"end":{"line":139,"column":24}},{"start":{"line":139,"column":28},"end":{"line":139,"column":52}}]},"16":{"loc":{"start":{"line":141,"column":9},"end":{"line":143,"column":3}},"type":"if","locations":[{"start":{"line":141,"column":9},"end":{"line":143,"column":3}}]},"17":{"loc":{"start":{"line":145,"column":2},"end":{"line":149,"column":3}},"type":"if","locations":[{"start":{"line":145,"column":2},"end":{"line":149,"column":3}},{"start":{"line":147,"column":9},"end":{"line":149,"column":3}}]},"18":{"loc":{"start":{"line":145,"column":6},"end":{"line":145,"column":57}},"type":"binary-expr","locations":[{"start":{"line":145,"column":6},"end":{"line":145,"column":23}},{"start":{"line":145,"column":27},"end":{"line":145,"column":57}}]},"19":{"loc":{"start":{"line":147,"column":9},"end":{"line":149,"column":3}},"type":"if","locations":[{"start":{"line":147,"column":9},"end":{"line":149,"column":3}}]},"20":{"loc":{"start":{"line":152,"column":2},"end":{"line":156,"column":3}},"type":"if","locations":[{"start":{"line":152,"column":2},"end":{"line":156,"column":3}}]},"21":{"loc":{"start":{"line":152,"column":6},"end":{"line":152,"column":44}},"type":"binary-expr","locations":[{"start":{"line":152,"column":6},"end":{"line":152,"column":22}},{"start":{"line":152,"column":26},"end":{"line":152,"column":44}}]},"22":{"loc":{"start":{"line":153,"column":4},"end":{"line":155,"column":5}},"type":"if","locations":[{"start":{"line":153,"column":4},"end":{"line":155,"column":5}}]},"23":{"loc":{"start":{"line":159,"column":2},"end":{"line":164,"column":3}},"type":"if","locations":[{"start":{"line":159,"column":2},"end":{"line":164,"column":3}}]},"24":{"loc":{"start":{"line":159,"column":6},"end":{"line":159,"column":42}},"type":"binary-expr","locations":[{"start":{"line":159,"column":6},"end":{"line":159,"column":15}},{"start":{"line":159,"column":19},"end":{"line":159,"column":42}}]},"25":{"loc":{"start":{"line":161,"column":4},"end":{"line":163,"column":5}},"type":"if","locations":[{"start":{"line":161,"column":4},"end":{"line":163,"column":5}}]},"26":{"loc":{"start":{"line":175,"column":2},"end":{"line":177,"column":3}},"type":"if","locations":[{"start":{"line":175,"column":2},"end":{"line":177,"column":3}}]},"27":{"loc":{"start":{"line":175,"column":6},"end":{"line":175,"column":57}},"type":"binary-expr","locations":[{"start":{"line":175,"column":6},"end":{"line":175,"column":23}},{"start":{"line":175,"column":27},"end":{"line":175,"column":57}}]},"28":{"loc":{"start":{"line":179,"column":2},"end":{"line":181,"column":3}},"type":"if","locations":[{"start":{"line":179,"column":2},"end":{"line":181,"column":3}}]},"29":{"loc":{"start":{"line":179,"column":6},"end":{"line":179,"column":53}},"type":"binary-expr","locations":[{"start":{"line":179,"column":6},"end":{"line":179,"column":21}},{"start":{"line":179,"column":25},"end":{"line":179,"column":53}}]},"30":{"loc":{"start":{"line":183,"column":2},"end":{"line":187,"column":3}},"type":"if","locations":[{"start":{"line":183,"column":2},"end":{"line":187,"column":3}},{"start":{"line":185,"column":9},"end":{"line":187,"column":3}}]},"31":{"loc":{"start":{"line":183,"column":6},"end":{"line":183,"column":91}},"type":"binary-expr","locations":[{"start":{"line":183,"column":6},"end":{"line":183,"column":29}},{"start":{"line":183,"column":33},"end":{"line":183,"column":51}},{"start":{"line":183,"column":55},"end":{"line":183,"column":71}},{"start":{"line":183,"column":75},"end":{"line":183,"column":91}}]},"32":{"loc":{"start":{"line":185,"column":9},"end":{"line":187,"column":3}},"type":"if","locations":[{"start":{"line":185,"column":9},"end":{"line":187,"column":3}}]},"33":{"loc":{"start":{"line":185,"column":13},"end":{"line":185,"column":45}},"type":"binary-expr","locations":[{"start":{"line":185,"column":13},"end":{"line":185,"column":26}},{"start":{"line":185,"column":30},"end":{"line":185,"column":45}}]},"34":{"loc":{"start":{"line":189,"column":2},"end":{"line":193,"column":3}},"type":"if","locations":[{"start":{"line":189,"column":2},"end":{"line":193,"column":3}},{"start":{"line":191,"column":9},"end":{"line":193,"column":3}}]},"35":{"loc":{"start":{"line":189,"column":6},"end":{"line":189,"column":57}},"type":"binary-expr","locations":[{"start":{"line":189,"column":6},"end":{"line":189,"column":23}},{"start":{"line":189,"column":27},"end":{"line":189,"column":57}}]},"36":{"loc":{"start":{"line":191,"column":9},"end":{"line":193,"column":3}},"type":"if","locations":[{"start":{"line":191,"column":9},"end":{"line":193,"column":3}}]}},"s":{"0":0,"1":0,"2":0,"3":0,"4":0,"5":0,"6":0,"7":0,"8":0,"9":0,"10":0,"11":0,"12":0,"13":0,"14":0,"15":0,"16":0,"17":0,"18":0,"19":0,"20":0,"21":0,"22":0,"23":0,"24":0,"25":0,"26":0,"27":0,"28":0,"29":0,"30":0,"31":0,"32":0,"33":0,"34":0,"35":0,"36":0,"37":0,"38":0,"39":0,"40":0,"41":0,"42":0,"43":0,"44":0,"45":0,"46":0,"47":0,"48":0,"49":0,"50":0,"51":0,"52":0,"53":0,"54":0,"55":0,"56":0,"57":0,"58":0,"59":0,"60":0,"61":0,"62":0,"63":0,"64":0,"65":0,"66":0,"67":0,"68":0},"f":{"0":0,"1":0,"2":0,"3":0,"4":0,"5":0,"6":0},"b":{"0":[0,0],"1":[0,0],"2":[0],"3":[0,0,0],"4":[0],"5":[0,0,0],"6":[0],"7":[0,0],"8":[0],"9":[0,0],"10":[0],"11":[0,0],"12":[0],"13":[0,0],"14":[0,0],"15":[0,0],"16":[0],"17":[0,0],"18":[0,0],"19":[0],"20":[0],"21":[0,0],"22":[0],"23":[0],"24":[0,0],"25":[0],"26":[0],"27":[0,0],"28":[0],"29":[0,0],"30":[0,0],"31":[0,0,0,0],"32":[0],"33":[0,0],"34":[0,0],"35":[0,0],"36":[0]}}
,"/workspaces/academic-management-system/backend/src/validators/course.validator.ts": {"path":"/workspaces/academic-management-system/backend/src/validators/course.validator.ts","statementMap":{"0":{"start":{"line":3,"column":0},"end":{"line":3,"column":24}},"1":{"start":{"line":5,"column":13},"end":{"line":21,"column":3}},"2":{"start":{"line":23,"column":13},"end":{"line":23,"column":92}}},"fnMap":{},"branchMap":{},"s":{"0":0,"1":0,"2":0},"f":{},"b":{}}
,"/workspaces/academic-management-system/backend/src/validators/result.validator.ts": {"path":"/workspaces/academic-management-system/backend/src/validators/result.validator.ts","statementMap":{"0":{"start":{"line":3,"column":0},"end":{"line":3,"column":24}},"1":{"start":{"line":5,"column":13},"end":{"line":9,"column":3}},"2":{"start":{"line":11,"column":13},"end":{"line":20,"column":3}},"3":{"start":{"line":22,"column":13},"end":{"line":24,"column":3}}},"fnMap":{},"branchMap":{},"s":{"0":0,"1":0,"2":0,"3":0},"f":{},"b":{}}
,"/workspaces/academic-management-system/backend/src/validators/student.validator.ts": {"path":"/workspaces/academic-management-system/backend/src/validators/student.validator.ts","statementMap":{"0":{"start":{"line":3,"column":0},"end":{"line":3,"column":24}},"1":{"start":{"line":5,"column":13},"end":{"line":19,"column":3}},"2":{"start":{"line":21,"column":13},"end":{"line":21,"column":65}}},"fnMap":{},"branchMap":{},"s":{"0":0,"1":0,"2":0},"f":{},"b":{}}
}
