TN:
SF:src/app.ts
FN:56,(anonymous_1)
FN:81,startServer
FN:87,(anonymous_3)
FN:109,(anonymous_4)
FN:115,(anonymous_5)
FNF:5
FNH:0
FNDA:0,(anonymous_1)
FNDA:0,startServer
FNDA:0,(anonymous_3)
FNDA:0,(anonymous_4)
FNDA:0,(anonymous_5)
DA:3,0
DA:4,0
DA:5,0
DA:6,0
DA:7,0
DA:10,0
DA:12,0
DA:13,0
DA:14,0
DA:15,0
DA:18,0
DA:25,0
DA:28,0
DA:38,0
DA:39,0
DA:41,0
DA:45,0
DA:46,0
DA:53,0
DA:56,0
DA:57,0
DA:70,0
DA:73,0
DA:79,0
DA:82,0
DA:84,0
DA:87,0
DA:88,0
DA:103,0
DA:104,0
DA:109,0
DA:110,0
DA:111,0
DA:112,0
DA:115,0
DA:116,0
DA:117,0
DA:118,0
DA:122,0
DA:124,0
LF:40
LH:0
BRDA:38,0,0,0
BRDA:38,0,1,0
BRDA:79,1,0,0
BRDA:79,1,1,0
BRDA:94,2,0,0
BRDA:94,2,1,0
BRF:6
BRH:0
end_of_record
TN:
SF:src/config/database.ts
FN:25,connectDatabase
FN:38,disconnectDatabase
FNF:2
FNH:0
FNDA:0,connectDatabase
FNDA:0,disconnectDatabase
DA:3,0
DA:6,0
DA:10,0
DA:18,0
DA:19,0
DA:25,0
DA:26,0
DA:27,0
DA:28,0
DA:30,0
DA:31,0
DA:38,0
DA:39,0
DA:40,0
LF:14
LH:0
BRDA:11,0,0,0
BRDA:11,0,1,0
BRDA:13,1,0,0
BRDA:13,1,1,0
BRDA:18,2,0,0
BRF:5
BRH:0
end_of_record
TN:
SF:src/controllers/auth.controller.ts
FN:9,(anonymous_0)
FN:18,(anonymous_1)
FN:27,(anonymous_2)
FN:36,(anonymous_3)
FNF:4
FNH:0
FNDA:0,(anonymous_0)
FNDA:0,(anonymous_1)
FNDA:0,(anonymous_2)
FNDA:0,(anonymous_3)
DA:4,0
DA:5,0
DA:8,0
DA:10,0
DA:11,0
DA:12,0
DA:14,0
DA:19,0
DA:20,0
DA:21,0
DA:23,0
DA:28,0
DA:29,0
DA:30,0
DA:32,0
DA:37,0
DA:38,0
DA:39,0
DA:40,0
DA:42,0
DA:47,0
LF:21
LH:0
BRF:0
BRH:0
end_of_record
TN:
SF:src/controllers/bulk.controller.ts
FN:15,(anonymous_0)
FN:54,(anonymous_1)
FN:94,(anonymous_2)
FN:110,(anonymous_3)
FNF:4
FNH:0
FNDA:0,(anonymous_0)
FNDA:0,(anonymous_1)
FNDA:0,(anonymous_2)
FNDA:0,(anonymous_3)
DA:5,0
DA:6,0
DA:7,0
DA:8,0
DA:10,0
DA:16,0
DA:17,0
DA:18,0
DA:19,0
DA:22,0
DA:28,0
DA:30,0
DA:31,0
DA:32,0
DA:33,0
DA:34,0
DA:35,0
DA:36,0
DA:39,0
DA:46,0
DA:55,0
DA:56,0
DA:57,0
DA:58,0
DA:61,0
DA:67,0
DA:69,0
DA:70,0
DA:71,0
DA:72,0
DA:73,0
DA:74,0
DA:75,0
DA:78,0
DA:86,0
DA:95,0
DA:96,0
DA:98,0
DA:99,0
DA:100,0
DA:102,0
DA:111,0
DA:112,0
DA:114,0
DA:115,0
DA:116,0
DA:118,0
DA:123,0
LF:48
LH:0
BRDA:17,0,0,0
BRDA:24,1,0,0
BRDA:24,1,1,0
BRDA:28,2,0,0
BRDA:28,3,0,0
BRDA:28,3,1,0
BRDA:56,4,0,0
BRDA:63,5,0,0
BRDA:63,5,1,0
BRDA:67,6,0,0
BRDA:67,7,0,0
BRDA:67,7,1,0
BRF:12
BRH:0
end_of_record
TN:
SF:src/controllers/course.controller.ts
FN:10,(anonymous_0)
FN:23,(anonymous_1)
FN:45,(anonymous_2)
FN:68,(anonymous_3)
FN:77,(anonymous_4)
FN:86,(anonymous_5)
FNF:6
FNH:0
FNDA:0,(anonymous_0)
FNDA:0,(anonymous_1)
FNDA:0,(anonymous_2)
FNDA:0,(anonymous_3)
FNDA:0,(anonymous_4)
FNDA:0,(anonymous_5)
DA:4,0
DA:5,0
DA:9,0
DA:11,0
DA:12,0
DA:13,0
DA:16,0
DA:17,0
DA:19,0
DA:24,0
DA:25,0
DA:27,0
DA:28,0
DA:29,0
DA:32,0
DA:39,0
DA:41,0
DA:50,0
DA:51,0
DA:52,0
DA:53,0
DA:56,0
DA:62,0
DA:64,0
DA:69,0
DA:70,0
DA:71,0
DA:73,0
DA:78,0
DA:79,0
DA:80,0
DA:82,0
DA:87,0
DA:88,0
DA:89,0
DA:91,0
DA:96,0
LF:37
LH:0
BRDA:12,0,0,0
BRDA:28,1,0,0
BRDA:52,2,0,0
BRF:3
BRH:0
end_of_record
TN:
SF:src/controllers/department.controller.ts
FN:9,(anonymous_0)
FN:18,(anonymous_1)
FN:33,(anonymous_2)
FN:55,(anonymous_3)
FNF:4
FNH:0
FNDA:0,(anonymous_0)
FNDA:0,(anonymous_1)
FNDA:0,(anonymous_2)
FNDA:0,(anonymous_3)
DA:4,0
DA:5,0
DA:8,0
DA:10,0
DA:11,0
DA:12,0
DA:14,0
DA:19,0
DA:21,0
DA:22,0
DA:23,0
DA:26,0
DA:27,0
DA:29,0
DA:34,0
DA:35,0
DA:38,0
DA:39,0
DA:40,0
DA:44,0
DA:45,0
DA:46,0
DA:49,0
DA:51,0
DA:56,0
DA:57,0
DA:58,0
DA:59,0
DA:62,0
DA:63,0
DA:65,0
DA:70,0
LF:32
LH:0
BRDA:22,0,0,0
BRDA:38,1,0,0
BRDA:38,2,0,0
BRDA:38,2,1,0
BRDA:44,3,0,0
BRDA:44,4,0,0
BRDA:44,4,1,0
BRDA:57,5,0,0
BRDA:57,6,0,0
BRDA:57,6,1,0
BRF:10
BRH:0
end_of_record
TN:
SF:src/controllers/faculty.controller.ts
FN:9,(anonymous_0)
FN:18,(anonymous_1)
FN:34,(anonymous_2)
FNF:3
FNH:0
FNDA:0,(anonymous_0)
FNDA:0,(anonymous_1)
FNDA:0,(anonymous_2)
DA:4,0
DA:5,0
DA:8,0
DA:10,0
DA:11,0
DA:12,0
DA:14,0
DA:19,0
DA:20,0
DA:23,0
DA:24,0
DA:25,0
DA:28,0
DA:30,0
DA:35,0
DA:36,0
DA:37,0
DA:38,0
DA:41,0
DA:42,0
DA:44,0
DA:49,0
LF:22
LH:0
BRDA:23,0,0,0
BRDA:23,1,0,0
BRDA:23,1,1,0
BRDA:36,2,0,0
BRDA:36,3,0,0
BRDA:36,3,1,0
BRF:6
BRH:0
end_of_record
TN:
SF:src/controllers/gpa.controller.ts
FN:10,(anonymous_0)
FN:31,(anonymous_1)
FN:48,(anonymous_2)
FN:61,(anonymous_3)
FN:87,(anonymous_4)
FNF:5
FNH:0
FNDA:0,(anonymous_0)
FNDA:0,(anonymous_1)
FNDA:0,(anonymous_2)
FNDA:0,(anonymous_3)
FNDA:0,(anonymous_4)
DA:4,0
DA:5,0
DA:9,0
DA:15,0
DA:16,0
DA:18,0
DA:25,0
DA:27,0
DA:32,0
DA:33,0
DA:35,0
DA:42,0
DA:44,0
DA:53,0
DA:54,0
DA:55,0
DA:57,0
DA:66,0
DA:67,0
DA:68,0
DA:69,0
DA:72,0
DA:74,0
DA:81,0
DA:83,0
DA:92,0
DA:93,0
DA:94,0
DA:95,0
DA:98,0
DA:100,0
DA:107,0
DA:109,0
DA:114,0
LF:34
LH:0
BRDA:68,0,0,0
BRDA:94,1,0,0
BRF:2
BRH:0
end_of_record
TN:
SF:src/controllers/report.controller.ts
FN:15,(anonymous_0)
FN:41,(anonymous_1)
FN:75,(anonymous_2)
FN:95,(anonymous_3)
FN:108,(anonymous_4)
FNF:5
FNH:0
FNDA:0,(anonymous_0)
FNDA:0,(anonymous_1)
FNDA:0,(anonymous_2)
FNDA:0,(anonymous_3)
FNDA:0,(anonymous_4)
DA:4,0
DA:5,0
DA:8,0
DA:12,0
DA:14,0
DA:20,0
DA:21,0
DA:22,0
DA:23,0
DA:26,0
DA:28,0
DA:35,0
DA:37,0
DA:46,0
DA:47,0
DA:48,0
DA:49,0
DA:52,0
DA:54,0
DA:61,0
DA:71,0
DA:80,0
DA:81,0
DA:82,0
DA:84,0
DA:89,0
DA:91,0
DA:100,0
DA:101,0
DA:102,0
DA:104,0
DA:113,0
DA:114,0
DA:116,0
DA:122,0
DA:127,0
LF:36
LH:0
BRDA:22,0,0,0
BRDA:48,1,0,0
BRF:2
BRH:0
end_of_record
TN:
SF:src/controllers/result.controller.ts
FN:15,(anonymous_0)
FN:29,(anonymous_1)
FN:34,(anonymous_2)
FN:52,(anonymous_3)
FN:73,(anonymous_4)
FN:92,(anonymous_5)
FN:104,(anonymous_6)
FN:124,(anonymous_7)
FN:137,(anonymous_8)
FN:150,(anonymous_9)
FNF:10
FNH:0
FNDA:0,(anonymous_0)
FNDA:0,(anonymous_1)
FNDA:0,(anonymous_2)
FNDA:0,(anonymous_3)
FNDA:0,(anonymous_4)
FNDA:0,(anonymous_5)
FNDA:0,(anonymous_6)
FNDA:0,(anonymous_7)
FNDA:0,(anonymous_8)
FNDA:0,(anonymous_9)
DA:4,0
DA:6,0
DA:9,0
DA:11,0
DA:16,0
DA:17,0
DA:18,0
DA:19,0
DA:21,0
DA:30,0
DA:32,0
DA:33,0
DA:34,0
DA:35,0
DA:36,0
DA:39,0
DA:40,0
DA:42,0
DA:44,0
DA:53,0
DA:54,0
DA:56,0
DA:57,0
DA:58,0
DA:61,0
DA:62,0
DA:64,0
DA:66,0
DA:74,0
DA:75,0
DA:76,0
DA:82,0
DA:84,0
DA:93,0
DA:94,0
DA:95,0
DA:97,0
DA:105,0
DA:106,0
DA:107,0
DA:108,0
DA:109,0
DA:115,0
DA:117,0
DA:125,0
DA:126,0
DA:127,0
DA:128,0
DA:130,0
DA:138,0
DA:139,0
DA:140,0
DA:141,0
DA:143,0
DA:151,0
DA:152,0
DA:153,0
DA:155,0
DA:160,0
LF:59
LH:0
BRDA:33,0,0,0
BRDA:56,1,0,0
BRDA:64,2,0,0
BRDA:64,2,1,0
BRDA:107,3,0,0
BRF:5
BRH:0
end_of_record
TN:
SF:src/controllers/student.controller.ts
FN:10,(anonymous_0)
FN:24,(anonymous_1)
FN:53,(anonymous_2)
FN:69,(anonymous_3)
FN:78,(anonymous_4)
FN:87,(anonymous_5)
FNF:6
FNH:0
FNDA:0,(anonymous_0)
FNDA:0,(anonymous_1)
FNDA:0,(anonymous_2)
FNDA:0,(anonymous_3)
FNDA:0,(anonymous_4)
FNDA:0,(anonymous_5)
DA:4,0
DA:5,0
DA:9,0
DA:11,0
DA:13,0
DA:14,0
DA:17,0
DA:18,0
DA:20,0
DA:25,0
DA:26,0
DA:29,0
DA:30,0
DA:31,0
DA:34,0
DA:42,0
DA:49,0
DA:54,0
DA:55,0
DA:58,0
DA:59,0
DA:60,0
DA:63,0
DA:65,0
DA:70,0
DA:71,0
DA:72,0
DA:74,0
DA:79,0
DA:80,0
DA:81,0
DA:83,0
DA:88,0
DA:89,0
DA:90,0
DA:91,0
DA:94,0
DA:99,0
DA:101,0
DA:106,0
LF:40
LH:0
BRDA:13,0,0,0
BRDA:30,1,0,0
BRDA:37,2,0,0
BRDA:37,2,1,0
BRDA:38,3,0,0
BRDA:38,3,1,0
BRDA:43,4,0,0
BRDA:43,4,1,0
BRDA:44,5,0,0
BRDA:44,5,1,0
BRDA:46,6,0,0
BRDA:46,6,1,0
BRDA:58,7,0,0
BRDA:58,8,0,0
BRDA:58,8,1,0
BRDA:90,9,0,0
BRF:16
BRH:0
end_of_record
TN:
SF:src/middleware/auth.middleware.ts
FN:13,authenticate
FN:68,authorize
FN:69,(anonymous_2)
FN:87,restrictToDepartment
FN:119,restrictToFaculty
FNF:5
FNH:0
FNDA:0,authenticate
FNDA:0,authorize
FNDA:0,(anonymous_2)
FNDA:0,restrictToDepartment
FNDA:0,restrictToFaculty
DA:4,0
DA:6,0
DA:7,0
DA:8,0
DA:13,0
DA:18,0
DA:19,0
DA:21,0
DA:22,0
DA:23,0
DA:26,0
DA:28,0
DA:29,0
DA:30,0
DA:33,0
DA:45,0
DA:46,0
DA:47,0
DA:50,0
DA:58,0
DA:60,0
DA:68,0
DA:69,0
DA:70,0
DA:71,0
DA:72,0
DA:75,0
DA:76,0
DA:77,0
DA:80,0
DA:87,0
DA:92,0
DA:93,0
DA:94,0
DA:98,0
DA:99,0
DA:100,0
DA:104,0
DA:106,0
DA:107,0
DA:108,0
DA:109,0
DA:113,0
DA:119,0
DA:124,0
DA:125,0
DA:126,0
DA:129,0
DA:130,0
DA:131,0
DA:134,0
DA:136,0
DA:137,0
DA:142,0
DA:143,0
DA:144,0
DA:148,0
LF:57
LH:0
BRDA:21,0,0,0
BRDA:28,1,0,0
BRDA:45,2,0,0
BRDA:45,3,0,0
BRDA:45,3,1,0
BRDA:70,4,0,0
BRDA:75,5,0,0
BRDA:92,6,0,0
BRDA:98,7,0,0
BRDA:104,8,0,0
BRDA:104,8,1,0
BRDA:106,9,0,0
BRDA:106,10,0,0
BRDA:106,10,1,0
BRDA:107,11,0,0
BRDA:124,12,0,0
BRDA:129,13,0,0
BRDA:134,14,0,0
BRDA:134,14,1,0
BRDA:136,15,0,0
BRDA:142,16,0,0
BRDA:142,17,0,0
BRDA:142,17,1,0
BRF:23
BRH:0
end_of_record
TN:
SF:src/middleware/error.middleware.ts
FN:13,(anonymous_0)
FN:25,errorHandler
FN:55,notFoundHandler
FNF:3
FNH:0
FNDA:0,(anonymous_0)
FNDA:0,errorHandler
FNDA:0,notFoundHandler
DA:4,0
DA:9,0
DA:14,0
DA:15,0
DA:16,0
DA:18,0
DA:25,0
DA:31,0
DA:33,0
DA:34,0
DA:35,0
DA:39,0
DA:40,0
DA:41,0
DA:45,0
DA:49,0
DA:55,0
DA:56,0
LF:18
LH:0
BRDA:13,0,0,0
BRDA:33,1,0,0
BRDA:39,2,0,0
BRDA:45,3,0,0
BRDA:45,3,1,0
BRF:5
BRH:0
end_of_record
TN:
SF:src/middleware/upload.middleware.ts
FN:11,(anonymous_1)
FN:42,handleMulterError
FNF:2
FNH:0
FNDA:0,(anonymous_1)
FNDA:0,handleMulterError
DA:3,0
DA:5,0
DA:8,0
DA:11,0
DA:16,0
DA:22,0
DA:23,0
DA:25,0
DA:26,0
DA:28,0
DA:33,0
DA:42,0
DA:43,0
DA:44,0
DA:45,0
DA:50,0
DA:55,0
LF:17
LH:0
BRDA:25,0,0,0
BRDA:25,0,1,0
BRDA:25,1,0,0
BRDA:25,1,1,0
BRDA:43,2,0,0
BRDA:44,3,0,0
BRF:6
BRH:0
end_of_record
TN:
SF:src/middleware/validation.middleware.ts
FN:11,validateBody
FN:12,(anonymous_1)
FN:18,(anonymous_2)
FN:34,validateQuery
FN:35,(anonymous_4)
FN:41,(anonymous_5)
FN:57,validateParams
FN:58,(anonymous_7)
FN:64,(anonymous_8)
FNF:9
FNH:0
FNDA:0,validateBody
FNDA:0,(anonymous_1)
FNDA:0,(anonymous_2)
FNDA:0,validateQuery
FNDA:0,(anonymous_4)
FNDA:0,(anonymous_5)
FNDA:0,validateParams
FNDA:0,(anonymous_7)
FNDA:0,(anonymous_8)
DA:4,0
DA:5,0
DA:11,0
DA:12,0
DA:13,0
DA:14,0
DA:15,0
DA:17,0
DA:18,0
DA:22,0
DA:23,0
DA:25,0
DA:34,0
DA:35,0
DA:36,0
DA:37,0
DA:38,0
DA:40,0
DA:41,0
DA:45,0
DA:46,0
DA:48,0
DA:57,0
DA:58,0
DA:59,0
DA:60,0
DA:61,0
DA:63,0
DA:64,0
DA:68,0
DA:69,0
DA:71,0
LF:32
LH:0
BRDA:17,0,0,0
BRDA:40,1,0,0
BRDA:63,2,0,0
BRF:3
BRH:0
end_of_record
TN:
SF:src/routes/auth.routes.ts
FNF:0
FNH:0
DA:3,0
DA:4,0
DA:5,0
DA:6,0
DA:7,0
DA:8,0
DA:10,0
DA:17,0
DA:24,0
DA:25,0
DA:32,0
DA:39,0
DA:51,0
LF:13
LH:0
BRF:0
BRH:0
end_of_record
TN:
SF:src/routes/bulk.routes.ts
FNF:0
FNH:0
DA:3,0
DA:4,0
DA:5,0
DA:6,0
DA:8,0
DA:11,0
DA:12,0
DA:19,0
DA:31,0
DA:38,0
DA:50,0
DA:52,0
LF:12
LH:0
BRF:0
BRH:0
end_of_record
TN:
SF:src/routes/course.routes.ts
FNF:0
FNH:0
DA:3,0
DA:4,0
DA:5,0
DA:6,0
DA:7,0
DA:9,0
DA:11,0
DA:18,0
DA:30,0
DA:37,0
DA:47,0
DA:54,0
DA:66,0
DA:68,0
LF:14
LH:0
BRF:0
BRH:0
end_of_record
TN:
SF:src/routes/department.routes.ts
FNF:0
FNH:0
DA:3,0
DA:4,0
DA:5,0
DA:7,0
DA:14,0
DA:16,0
DA:23,0
DA:30,0
DA:37,0
DA:39,0
LF:10
LH:0
BRF:0
BRH:0
end_of_record
TN:
SF:src/routes/faculty.routes.ts
FNF:0
FNH:0
DA:3,0
DA:4,0
DA:5,0
DA:7,0
DA:9,0
DA:16,0
DA:23,0
DA:30,0
DA:32,0
LF:9
LH:0
BRF:0
BRH:0
end_of_record
TN:
SF:src/routes/gpa.routes.ts
FNF:0
FNH:0
DA:3,0
DA:4,0
DA:5,0
DA:6,0
DA:7,0
DA:9,0
DA:11,0
DA:13,0
DA:23,0
DA:38,0
DA:50,0
DA:57,0
DA:64,0
DA:76,0
DA:78,0
LF:15
LH:0
BRF:0
BRH:0
end_of_record
TN:
SF:src/routes/index.ts
FN:17,(anonymous_1)
FNF:1
FNH:0
FNDA:0,(anonymous_1)
DA:3,0
DA:4,0
DA:5,0
DA:6,0
DA:7,0
DA:8,0
DA:9,0
DA:10,0
DA:11,0
DA:12,0
DA:14,0
DA:17,0
DA:18,0
DA:33,0
DA:34,0
DA:35,0
DA:36,0
DA:37,0
DA:38,0
DA:39,0
DA:40,0
DA:41,0
DA:43,0
LF:23
LH:0
BRF:0
BRH:0
end_of_record
TN:
SF:src/routes/report.routes.ts
FNF:0
FNH:0
DA:3,0
DA:4,0
DA:5,0
DA:7,0
DA:9,0
DA:16,0
DA:23,0
DA:30,0
DA:37,0
DA:44,0
DA:46,0
LF:11
LH:0
BRF:0
BRH:0
end_of_record
TN:
SF:src/routes/result.routes.ts
FNF:0
FNH:0
DA:3,0
DA:4,0
DA:5,0
DA:6,0
DA:7,0
DA:8,0
DA:9,0
DA:11,0
DA:13,0
DA:20,0
DA:27,0
DA:34,0
DA:41,0
DA:54,0
DA:61,0
DA:68,0
DA:75,0
DA:82,0
DA:89,0
DA:96,0
DA:98,0
LF:21
LH:0
BRF:0
BRH:0
end_of_record
TN:
SF:src/routes/student.routes.ts
FNF:0
FNH:0
DA:3,0
DA:4,0
DA:5,0
DA:6,0
DA:7,0
DA:8,0
DA:9,0
DA:11,0
DA:13,0
DA:20,0
DA:27,0
DA:40,0
DA:47,0
DA:54,0
DA:61,0
DA:68,0
DA:75,0
DA:77,0
LF:18
LH:0
BRF:0
BRH:0
end_of_record
TN:
SF:src/services/auth.service.ts
FN:13,(anonymous_1)
FN:71,(anonymous_2)
FN:123,(anonymous_3)
FN:147,(anonymous_4)
FNF:4
FNH:0
FNDA:0,(anonymous_1)
FNDA:0,(anonymous_2)
FNDA:0,(anonymous_3)
FNDA:0,(anonymous_4)
DA:3,0
DA:4,0
DA:5,0
DA:6,0
DA:9,0
DA:14,0
DA:17,0
DA:29,0
DA:30,0
DA:33,0
DA:34,0
DA:38,0
DA:40,0
DA:41,0
DA:45,0
DA:51,0
DA:60,0
DA:62,0
DA:72,0
DA:75,0
DA:79,0
DA:80,0
DA:84,0
DA:85,0
DA:88,0
DA:89,0
DA:93,0
DA:96,0
DA:116,0
DA:117,0
DA:124,0
DA:136,0
DA:137,0
DA:140,0
DA:141,0
DA:152,0
DA:156,0
DA:157,0
DA:160,0
DA:162,0
DA:163,0
DA:166,0
DA:168,0
DA:175,0
LF:44
LH:0
BRDA:29,0,0,0
BRDA:33,1,0,0
BRDA:40,2,0,0
BRDA:79,3,0,0
BRDA:84,4,0,0
BRDA:84,5,0,0
BRDA:84,5,1,0
BRDA:88,6,0,0
BRDA:88,7,0,0
BRDA:88,7,1,0
BRDA:103,8,0,0
BRDA:103,8,1,0
BRDA:104,9,0,0
BRDA:104,9,1,0
BRDA:136,10,0,0
BRDA:156,11,0,0
BRDA:162,12,0,0
BRF:17
BRH:0
end_of_record
TN:
SF:src/services/bulk-result.service.ts
FN:25,(anonymous_0)
FN:49,(anonymous_1)
FN:66,(anonymous_2)
FN:157,(anonymous_3)
FN:166,(anonymous_4)
FNF:5
FNH:0
FNDA:0,(anonymous_0)
FNDA:0,(anonymous_1)
FNDA:0,(anonymous_2)
FNDA:0,(anonymous_3)
FNDA:0,(anonymous_4)
DA:4,0
DA:5,0
DA:12,0
DA:17,0
DA:18,0
DA:19,0
DA:21,0
DA:31,0
DA:33,0
DA:34,0
DA:38,0
DA:41,0
DA:49,0
DA:55,0
DA:66,0
DA:77,0
DA:78,0
DA:81,0
DA:82,0
DA:85,0
DA:86,0
DA:87,0
DA:90,0
DA:91,0
DA:96,0
DA:97,0
DA:98,0
DA:99,0
DA:100,0
DA:101,0
DA:105,0
DA:106,0
DA:116,0
DA:117,0
DA:134,0
DA:135,0
DA:136,0
DA:149,0
DA:150,0
DA:151,0
DA:152,0
DA:155,0
DA:157,0
DA:165,0
DA:166,0
DA:170,0
DA:171,0
DA:173,0
DA:174,0
DA:175,0
DA:176,0
DA:178,0
DA:180,0
DA:181,0
DA:182,0
DA:184,0
DA:196,0
DA:201,0
DA:202,0
DA:206,0
DA:207,0
DA:220,0
DA:223,0
DA:225,0
DA:226,0
DA:227,0
DA:228,0
DA:238,0
DA:239,0
DA:240,0
DA:247,0
DA:251,0
DA:261,0
DA:262,0
DA:267,0
LF:75
LH:0
BRDA:33,0,0,0
BRDA:86,1,0,0
BRDA:86,1,1,0
BRDA:90,2,0,0
BRDA:90,3,0,0
BRDA:90,3,1,0
BRDA:97,4,0,0
BRDA:100,5,0,0
BRDA:105,6,0,0
BRDA:105,6,1,0
BRDA:111,7,0,0
BRDA:111,7,1,0
BRDA:112,8,0,0
BRDA:112,8,1,0
BRDA:116,9,0,0
BRDA:116,10,0,0
BRDA:116,10,1,0
BRDA:134,11,0,0
BRDA:180,12,0,0
BRDA:180,12,1,0
BRDA:201,13,0,0
BRDA:227,14,0,0
BRF:22
BRH:0
end_of_record
TN:
SF:src/services/bulk-student.service.ts
FN:23,(anonymous_0)
FN:42,(anonymous_1)
FN:48,(anonymous_2)
FN:116,(anonymous_3)
FN:117,(anonymous_4)
FNF:5
FNH:0
FNDA:0,(anonymous_0)
FNDA:0,(anonymous_1)
FNDA:0,(anonymous_2)
FNDA:0,(anonymous_3)
FNDA:0,(anonymous_4)
DA:4,0
DA:5,0
DA:12,0
DA:17,0
DA:19,0
DA:29,0
DA:31,0
DA:32,0
DA:36,0
DA:39,0
DA:42,0
DA:45,0
DA:48,0
DA:50,0
DA:51,0
DA:52,0
DA:55,0
DA:56,0
DA:59,0
DA:60,0
DA:61,0
DA:65,0
DA:66,0
DA:70,0
DA:71,0
DA:72,0
DA:75,0
DA:76,0
DA:87,0
DA:88,0
DA:89,0
DA:95,0
DA:101,0
DA:102,0
DA:103,0
DA:115,0
DA:116,0
DA:117,0
DA:130,0
DA:135,0
DA:138,0
DA:147,0
DA:148,0
DA:153,0
LF:44
LH:0
BRDA:31,0,0,0
BRDA:60,1,0,0
BRDA:65,2,0,0
BRDA:65,3,0,0
BRDA:65,3,1,0
BRDA:65,3,2,0
BRDA:70,4,0,0
BRDA:75,5,0,0
BRDA:75,5,1,0
BRDA:88,6,0,0
BRDA:88,7,0,0
BRDA:88,7,1,0
BRDA:101,8,0,0
BRDA:121,9,0,0
BRDA:121,9,1,0
BRDA:122,10,0,0
BRDA:122,10,1,0
BRDA:123,11,0,0
BRDA:123,11,1,0
BRF:19
BRH:0
end_of_record
TN:
SF:src/services/course.service.ts
FN:12,(anonymous_0)
FN:42,(anonymous_1)
FN:87,(anonymous_2)
FN:107,(anonymous_3)
FN:127,(anonymous_4)
FN:152,(anonymous_5)
FNF:6
FNH:0
FNDA:0,(anonymous_0)
FNDA:0,(anonymous_1)
FNDA:0,(anonymous_2)
FNDA:0,(anonymous_3)
FNDA:0,(anonymous_4)
FNDA:0,(anonymous_5)
DA:4,0
DA:5,0
DA:8,0
DA:14,0
DA:23,0
DA:24,0
DA:27,0
DA:36,0
DA:48,0
DA:50,0
DA:52,0
DA:53,0
DA:56,0
DA:57,0
DA:60,0
DA:61,0
DA:64,0
DA:65,0
DA:71,0
DA:81,0
DA:92,0
DA:101,0
DA:108,0
DA:117,0
DA:118,0
DA:121,0
DA:128,0
DA:132,0
DA:133,0
DA:136,0
DA:146,0
DA:153,0
DA:157,0
DA:158,0
DA:162,0
DA:166,0
DA:167,0
DA:173,0
DA:179,0
LF:39
LH:0
BRDA:23,0,0,0
BRDA:52,1,0,0
BRDA:56,2,0,0
BRDA:60,3,0,0
BRDA:64,4,0,0
BRDA:117,5,0,0
BRDA:132,6,0,0
BRDA:157,7,0,0
BRDA:166,8,0,0
BRF:9
BRH:0
end_of_record
TN:
SF:src/services/department.service.ts
FN:10,(anonymous_0)
FN:35,(anonymous_1)
FN:61,(anonymous_2)
FNF:3
FNH:0
FNDA:0,(anonymous_0)
FNDA:0,(anonymous_1)
FNDA:0,(anonymous_2)
DA:3,0
DA:4,0
DA:6,0
DA:11,0
DA:13,0
DA:29,0
DA:36,0
DA:51,0
DA:52,0
DA:55,0
DA:62,0
DA:75,0
DA:79,0
LF:13
LH:0
BRDA:11,0,0,0
BRDA:11,0,1,0
BRDA:51,1,0,0
BRF:3
BRH:0
end_of_record
TN:
SF:src/services/faculty.service.ts
FN:10,(anonymous_0)
FN:28,(anonymous_1)
FNF:2
FNH:0
FNDA:0,(anonymous_0)
FNDA:0,(anonymous_1)
DA:3,0
DA:4,0
DA:6,0
DA:11,0
DA:22,0
DA:29,0
DA:50,0
DA:51,0
DA:54,0
DA:58,0
LF:10
LH:0
BRDA:50,0,0,0
BRF:1
BRH:0
end_of_record
TN:
SF:src/services/gpa.service.ts
FN:13,(anonymous_0)
FN:40,(anonymous_1)
FN:50,(anonymous_2)
FN:63,(anonymous_3)
FN:98,(anonymous_4)
FN:121,(anonymous_5)
FN:147,(anonymous_6)
FN:159,(anonymous_7)
FN:180,(anonymous_8)
FN:200,(anonymous_9)
FN:229,(anonymous_10)
FN:250,(anonymous_11)
FN:251,(anonymous_12)
FN:259,(anonymous_13)
FN:260,(anonymous_14)
FN:261,(anonymous_15)
FN:262,(anonymous_16)
FN:263,(anonymous_17)
FN:264,(anonymous_18)
FNF:19
FNH:0
FNDA:0,(anonymous_0)
FNDA:0,(anonymous_1)
FNDA:0,(anonymous_2)
FNDA:0,(anonymous_3)
FNDA:0,(anonymous_4)
FNDA:0,(anonymous_5)
FNDA:0,(anonymous_6)
FNDA:0,(anonymous_7)
FNDA:0,(anonymous_8)
FNDA:0,(anonymous_9)
FNDA:0,(anonymous_10)
FNDA:0,(anonymous_11)
FNDA:0,(anonymous_12)
FNDA:0,(anonymous_13)
FNDA:0,(anonymous_14)
FNDA:0,(anonymous_15)
FNDA:0,(anonymous_16)
FNDA:0,(anonymous_17)
FNDA:0,(anonymous_18)
DA:4,0
DA:5,0
DA:6,0
DA:9,0
DA:20,0
DA:28,0
DA:30,0
DA:35,0
DA:39,0
DA:40,0
DA:43,0
DA:46,0
DA:49,0
DA:50,0
DA:54,0
DA:62,0
DA:63,0
DA:68,0
DA:92,0
DA:104,0
DA:106,0
DA:127,0
DA:131,0
DA:133,0
DA:141,0
DA:142,0
DA:145,0
DA:146,0
DA:147,0
DA:150,0
DA:153,0
DA:160,0
DA:172,0
DA:174,0
DA:179,0
DA:180,0
DA:183,0
DA:206,0
DA:211,0
DA:212,0
DA:214,0
DA:215,0
DA:216,0
DA:217,0
DA:219,0
DA:223,0
DA:235,0
DA:236,0
DA:237,0
DA:238,0
DA:240,0
DA:246,0
DA:247,0
DA:250,0
DA:251,0
DA:253,0
DA:259,0
DA:260,0
DA:261,0
DA:262,0
DA:263,0
DA:264,0
DA:270,0
LF:63
LH:0
BRDA:28,0,0,0
BRDA:111,1,0,0
BRDA:111,1,1,0
BRDA:113,2,0,0
BRDA:113,2,1,0
BRDA:114,3,0,0
BRDA:114,3,1,0
BRDA:131,4,0,0
BRDA:141,5,0,0
BRDA:172,6,0,0
BRDA:236,7,0,0
BRDA:237,8,0,0
BRDA:238,9,0,0
BRDA:246,10,0,0
BRDA:260,11,0,0
BRDA:260,11,1,0
BRDA:261,12,0,0
BRDA:261,12,1,0
BRDA:262,13,0,0
BRDA:262,13,1,0
BRDA:263,14,0,0
BRDA:263,14,1,0
BRF:22
BRH:0
end_of_record
TN:
SF:src/services/student.service.ts
FN:12,(anonymous_0)
FN:37,(anonymous_1)
FN:85,(anonymous_2)
FN:118,(anonymous_3)
FN:154,(anonymous_4)
FN:171,(anonymous_5)
FNF:6
FNH:0
FNDA:0,(anonymous_0)
FNDA:0,(anonymous_1)
FNDA:0,(anonymous_2)
FNDA:0,(anonymous_3)
FNDA:0,(anonymous_4)
FNDA:0,(anonymous_5)
DA:4,0
DA:5,0
DA:8,0
DA:14,0
DA:18,0
DA:19,0
DA:22,0
DA:31,0
DA:44,0
DA:46,0
DA:48,0
DA:49,0
DA:52,0
DA:53,0
DA:56,0
DA:57,0
DA:64,0
DA:79,0
DA:86,0
DA:108,0
DA:109,0
DA:112,0
DA:119,0
DA:123,0
DA:124,0
DA:128,0
DA:129,0
DA:133,0
DA:134,0
DA:138,0
DA:148,0
DA:155,0
DA:159,0
DA:160,0
DA:163,0
DA:175,0
DA:184,0
DA:188,0
LF:38
LH:0
BRDA:18,0,0,0
BRDA:44,1,0,0
BRDA:44,2,0,0
BRDA:48,3,0,0
BRDA:52,4,0,0
BRDA:56,5,0,0
BRDA:108,6,0,0
BRDA:123,7,0,0
BRDA:128,8,0,0
BRDA:128,9,0,0
BRDA:128,9,1,0
BRDA:133,10,0,0
BRDA:159,11,0,0
BRF:13
BRH:0
end_of_record
TN:
SF:src/utils/excel.ts
FN:14,parseExcelBuffer
FN:35,normalizeColumnName
FN:45,getRowValue
FN:60,parseStudentRows
FN:61,(anonymous_13)
FN:78,parseScoreRows
FN:81,(anonymous_15)
FN:90,(anonymous_16)
FN:120,generateStudentErrorExcel
FN:121,(anonymous_18)
FN:155,generateScoreErrorExcel
FN:156,(anonymous_20)
FN:185,generateStudentTemplate
FN:243,generateScoreTemplate
FNF:14
FNH:0
FNDA:0,parseExcelBuffer
FNDA:0,normalizeColumnName
FNDA:0,getRowValue
FNDA:0,parseStudentRows
FNDA:0,(anonymous_13)
FNDA:0,parseScoreRows
FNDA:0,(anonymous_15)
FNDA:0,(anonymous_16)
FNDA:0,generateStudentErrorExcel
FNDA:0,(anonymous_18)
FNDA:0,generateScoreErrorExcel
FNDA:0,(anonymous_20)
FNDA:0,generateStudentTemplate
FNDA:0,generateScoreTemplate
DA:3,0
DA:14,0
DA:15,0
DA:16,0
DA:17,0
DA:18,0
DA:21,0
DA:26,0
DA:28,0
DA:35,0
DA:36,0
DA:45,0
DA:46,0
DA:47,0
DA:48,0
DA:49,0
DA:50,0
DA:54,0
DA:60,0
DA:61,0
DA:78,0
DA:79,0
DA:81,0
DA:82,0
DA:83,0
DA:85,0
DA:86,0
DA:90,0
DA:91,0
DA:92,0
DA:94,0
DA:95,0
DA:96,0
DA:97,0
DA:98,0
DA:114,0
DA:120,0
DA:121,0
DA:132,0
DA:133,0
DA:136,0
DA:147,0
DA:149,0
DA:155,0
DA:156,0
DA:165,0
DA:166,0
DA:168,0
DA:177,0
DA:179,0
DA:185,0
DA:186,0
DA:211,0
DA:212,0
DA:214,0
DA:219,0
DA:222,0
DA:234,0
DA:235,0
DA:237,0
DA:243,0
DA:244,0
DA:265,0
DA:266,0
DA:268,0
DA:272,0
DA:275,0
DA:282,0
DA:283,0
DA:285,0
LF:70
LH:0
BRDA:49,0,0,0
BRDA:66,1,0,0
BRDA:66,1,1,0
BRDA:70,2,0,0
BRDA:70,2,1,0
BRDA:71,3,0,0
BRDA:71,3,1,0
BRDA:85,4,0,0
BRDA:85,5,0,0
BRDA:85,5,1,0
BRDA:92,6,0,0
BRDA:92,7,0,0
BRDA:92,7,1,0
BRDA:92,7,2,0
BRDA:92,7,3,0
BRDA:95,8,0,0
BRDA:95,9,0,0
BRDA:95,9,1,0
BRDA:97,10,0,0
BRDA:97,11,0,0
BRDA:97,11,1,0
BRF:21
BRH:0
end_of_record
TN:
SF:src/utils/grading.ts
FN:19,determineGrade
FN:41,calculateResult
FN:61,calculateGPA
FN:89,calculateCGPA
FN:96,(anonymous_4)
FN:97,(anonymous_5)
FN:109,getClassOfDegree
FN:121,formatLevel
FN:139,formatSemester
FNF:9
FNH:0
FNDA:0,determineGrade
FNDA:0,calculateResult
FNDA:0,calculateGPA
FNDA:0,calculateCGPA
FNDA:0,(anonymous_4)
FNDA:0,(anonymous_5)
FNDA:0,getClassOfDegree
FNDA:0,formatLevel
FNDA:0,formatSemester
DA:3,0
DA:19,0
DA:20,0
DA:21,0
DA:25,0
DA:26,0
DA:30,0
DA:31,0
DA:32,0
DA:33,0
DA:34,0
DA:35,0
DA:41,0
DA:46,0
DA:48,0
DA:61,0
DA:64,0
DA:65,0
DA:68,0
DA:69,0
DA:70,0
DA:72,0
DA:73,0
DA:74,0
DA:75,0
DA:76,0
DA:79,0
DA:83,0
DA:89,0
DA:92,0
DA:93,0
DA:96,0
DA:97,0
DA:99,0
DA:103,0
DA:109,0
DA:110,0
DA:111,0
DA:112,0
DA:113,0
DA:114,0
DA:115,0
DA:121,0
DA:122,0
DA:133,0
DA:139,0
DA:140,0
LF:47
LH:0
BRDA:20,0,0,0
BRDA:20,1,0,0
BRDA:20,1,1,0
BRDA:25,2,0,0
BRDA:30,3,0,0
BRDA:31,4,0,0
BRDA:32,5,0,0
BRDA:33,6,0,0
BRDA:34,7,0,0
BRDA:64,8,0,0
BRDA:79,9,0,0
BRDA:79,9,1,0
BRDA:92,10,0,0
BRDA:99,11,0,0
BRDA:99,11,1,0
BRDA:110,12,0,0
BRDA:111,13,0,0
BRDA:112,14,0,0
BRDA:113,15,0,0
BRDA:114,16,0,0
BRDA:140,17,0,0
BRDA:140,17,1,0
BRF:22
BRH:0
end_of_record
TN:
SF:src/utils/response.ts
FN:9,sendSuccess
FN:28,sendError
FN:45,sendCreated
FN:56,sendNoContent
FN:63,sendBadRequest
FN:74,sendUnauthorized
FN:84,sendForbidden
FN:94,sendNotFound
FNF:8
FNH:0
FNDA:0,sendSuccess
FNDA:0,sendError
FNDA:0,sendCreated
FNDA:0,sendNoContent
FNDA:0,sendBadRequest
FNDA:0,sendUnauthorized
FNDA:0,sendForbidden
FNDA:0,sendNotFound
DA:9,0
DA:16,0
DA:22,0
DA:28,0
DA:34,0
DA:39,0
DA:45,0
DA:50,0
DA:56,0
DA:57,0
DA:63,0
DA:68,0
DA:74,0
DA:78,0
DA:84,0
DA:88,0
DA:94,0
DA:98,0
LF:18
LH:0
BRDA:12,0,0,0
BRDA:13,1,0,0
BRDA:31,2,0,0
BRDA:48,3,0,0
BRDA:65,4,0,0
BRDA:76,5,0,0
BRDA:86,6,0,0
BRDA:96,7,0,0
BRF:8
BRH:0
end_of_record
TN:
SF:src/validators/auth.validator.ts
FNF:0
FNH:0
DA:3,0
DA:5,0
DA:16,0
LF:3
LH:0
BRF:0
BRH:0
end_of_record
TN:
SF:src/validators/bulk.validator.ts
FN:15,parseLevel
FN:55,parseSemester
FN:75,validateAcademicYear
FN:86,validateMatricNumberFormat
FN:98,validateAdmissionYear
FN:120,validateStudentRow
FN:172,validateScoreRow
FNF:7
FNH:0
FNDA:0,parseLevel
FNDA:0,parseSemester
FNDA:0,validateAcademicYear
FNDA:0,validateMatricNumberFormat
FNDA:0,validateAdmissionYear
FNDA:0,validateStudentRow
FNDA:0,validateScoreRow
DA:3,0
DA:4,0
DA:7,0
DA:10,0
DA:15,0
DA:16,0
DA:18,0
DA:49,0
DA:55,0
DA:56,0
DA:58,0
DA:69,0
DA:75,0
DA:76,0
DA:77,0
DA:79,0
DA:80,0
DA:86,0
DA:88,0
DA:89,0
DA:91,0
DA:92,0
DA:98,0
DA:99,0
DA:100,0
DA:106,0
DA:120,0
DA:121,0
DA:123,0
DA:124,0
DA:127,0
DA:128,0
DA:131,0
DA:132,0
DA:135,0
DA:136,0
DA:139,0
DA:140,0
DA:141,0
DA:142,0
DA:145,0
DA:146,0
DA:147,0
DA:148,0
DA:152,0
DA:153,0
DA:154,0
DA:159,0
DA:160,0
DA:161,0
DA:162,0
DA:166,0
DA:172,0
DA:173,0
DA:175,0
DA:176,0
DA:179,0
DA:180,0
DA:183,0
DA:184,0
DA:185,0
DA:186,0
DA:189,0
DA:190,0
DA:191,0
DA:192,0
DA:195,0
LF:67
LH:0
BRDA:49,0,0,0
BRDA:49,0,1,0
BRDA:69,1,0,0
BRDA:69,1,1,0
BRDA:77,2,0,0
BRDA:80,3,0,0
BRDA:80,3,1,0
BRDA:80,3,2,0
BRDA:89,4,0,0
BRDA:100,5,0,0
BRDA:100,5,1,0
BRDA:100,5,2,0
BRDA:123,6,0,0
BRDA:123,7,0,0
BRDA:123,7,1,0
BRDA:127,8,0,0
BRDA:127,9,0,0
BRDA:127,9,1,0
BRDA:131,10,0,0
BRDA:131,11,0,0
BRDA:131,11,1,0
BRDA:135,12,0,0
BRDA:135,13,0,0
BRDA:135,13,1,0
BRDA:139,14,0,0
BRDA:139,14,1,0
BRDA:139,15,0,0
BRDA:139,15,1,0
BRDA:141,16,0,0
BRDA:145,17,0,0
BRDA:145,17,1,0
BRDA:145,18,0,0
BRDA:145,18,1,0
BRDA:147,19,0,0
BRDA:152,20,0,0
BRDA:152,21,0,0
BRDA:152,21,1,0
BRDA:153,22,0,0
BRDA:159,23,0,0
BRDA:159,24,0,0
BRDA:159,24,1,0
BRDA:161,25,0,0
BRDA:175,26,0,0
BRDA:175,27,0,0
BRDA:175,27,1,0
BRDA:179,28,0,0
BRDA:179,29,0,0
BRDA:179,29,1,0
BRDA:183,30,0,0
BRDA:183,30,1,0
BRDA:183,31,0,0
BRDA:183,31,1,0
BRDA:183,31,2,0
BRDA:183,31,3,0
BRDA:185,32,0,0
BRDA:185,33,0,0
BRDA:185,33,1,0
BRDA:189,34,0,0
BRDA:189,34,1,0
BRDA:189,35,0,0
BRDA:189,35,1,0
BRDA:191,36,0,0
BRF:62
BRH:0
end_of_record
TN:
SF:src/validators/course.validator.ts
FNF:0
FNH:0
DA:3,0
DA:5,0
DA:23,0
LF:3
LH:0
BRF:0
BRH:0
end_of_record
TN:
SF:src/validators/result.validator.ts
FNF:0
FNH:0
DA:3,0
DA:5,0
DA:11,0
DA:22,0
LF:4
LH:0
BRF:0
BRH:0
end_of_record
TN:
SF:src/validators/student.validator.ts
FNF:0
FNH:0
DA:3,0
DA:5,0
DA:21,0
LF:3
LH:0
BRF:0
BRH:0
end_of_record
